<?xml version="1.0" encoding="UTF-8"?>
<testsuite xmlns:xsi="http://www.w3.org/2001/XMLSchema-instance" xsi:noNamespaceSchemaLocation="https://maven.apache.org/surefire/maven-failsafe-plugin/xsd/failsafe-test-report-3.0.xsd" version="3.0" name="starter.CucumberTestSuite" time="29.208" tests="3" errors="0" skipped="0" failures="0">
  <properties>
[...]
</properties>
  <testcase name="Login with valid email and password" classname="Login" time="11.977">
    <system-out><![CDATA[23:46:20.878 [main] INFO io.cucumber.core.plugin.SerenityReporter - Running feature from file:///D:/Intern/MSIB%20Alterra/alterra-mini-project/Serenity%20UI%20Test/src/test/resources/features/Login.feature
23:46:20.992 [main] INFO  - 

-------------------------------------------------------------------------------------
     _______. _______ .______       _______ .__   __.  __  .___________.____    ____ 
    /       ||   ____||   _  \     |   ____||  \ |  | |  | |           |\   \  /   / 
   |   (----`|  |__   |  |_)  |    |  |__   |   \|  | |  | `---|  |----` \   \/   /  
    \   \    |   __|  |      /     |   __|  |  . `  | |  |     |  |       \_    _/   
.----)   |   |  |____ |  |\  \----.|  |____ |  |\   | |  |     |  |         |  |     
|_______/    |_______|| _| `._____||_______||__| \__| |__|     |__|         |__|    
                                                                                     
 News and tutorials at http://www.serenity-bdd.info                                  
 Documentation at https://wakaleo.gitbooks.io/the-serenity-book/content/             
 Join the Serenity Community on Gitter: https://gitter.im/serenity-bdd/serenity-core 
 Serenity BDD Support and Training at http://serenity-bdd.info/#/trainingandsupport  
-------------------------------------------------------------------------------------

23:46:20.994 [main] DEBUG net.thucydides.core.steps.StepEventBus - Test suite started for story net.thucydides.core.model.Story@23282f08
23:46:20.998 [main] INFO  - Test Suite Started: Login
23:46:21.005 [main] INFO io.cucumber.core.plugin.SerenityReporter - Running feature from file:///D:/Intern/MSIB%20Alterra/alterra-mini-project/Serenity%20UI%20Test/src/test/resources/features/Logout.feature
23:46:21.010 [main] DEBUG net.thucydides.core.steps.StepEventBus - Test suite started for story net.thucydides.core.model.Story@7960de68
23:46:21.010 [main] INFO  - Test Suite Started: Logout
23:46:21.010 [main] INFO io.cucumber.core.plugin.SerenityReporter - Running feature from file:///D:/Intern/MSIB%20Alterra/alterra-mini-project/Serenity%20UI%20Test/src/test/resources/features/Rating.feature
23:46:21.013 [main] DEBUG net.thucydides.core.steps.StepEventBus - Test suite started for story net.thucydides.core.model.Story@6f9be80f
23:46:21.013 [main] INFO  - Test Suite Started: Ratings
23:46:21.013 [main] INFO io.cucumber.core.plugin.SerenityReporter - Running feature from file:///D:/Intern/MSIB%20Alterra/alterra-mini-project/Serenity%20UI%20Test/src/test/resources/features/Login.feature
23:46:21.016 [main] DEBUG net.thucydides.core.steps.StepEventBus - Test suite started for story net.thucydides.core.model.Story@23282f08
23:46:21.017 [main] INFO  - Test Suite Started: Login

Scenario: Login with valid email and password &amp#27;[90m# src/test/resources/features/Login.feature:4&amp#27;[0m
23:46:21.080 [main] INFO io.cucumber.core.plugin.SerenityReporter - Running feature from file:///D:/Intern/MSIB%20Alterra/alterra-mini-project/Serenity%20UI%20Test/src/test/resources/features/Login.feature
23:46:21.148 [main] INFO  - 
  _____   ___   ___   _____     ___   _____     _     ___   _____   ___   ___  
 |_   _| | __| / __| |_   _|   / __| |_   _|   /_\   | _ \ |_   _| | __| |   \ 
   | |   | _|  \__ \   | |     \__ \   | |    / _ \  |   /   | |   | _|  | |) |
   |_|   |___| |___/   |_|     |___/   |_|   /_/ \_\ |_|_\   |_|   |___| |___/ 

Login with valid email and password(login;login-with-valid-email-and-password)
--------------------------------------------------------------------------------
23:46:21.704 [main] DEBUG net.thucydides.core.steps.StepInterceptor - STARTING STEP: LoginSteps.onTheLoginPage - loginPage
23:46:21.730 [main] INFO net.serenitybdd.core.webdriver.driverproviders.ChromeDriverProvider - Using automatically driver download
23:46:22.241 [main] DEBUG io.github.bonigarcia.wdm.cache.ResolutionCache - Resolution chrome=101 in cache (valid until 00:15:28 15/05/2022 ICT)
23:46:22.246 [main] DEBUG io.github.bonigarcia.wdm.cache.ResolutionCache - Resolution chrome101=101.0.4951.41 in cache (valid until 14:15:13 15/05/2022 ICT)
23:46:22.248 [main] INFO io.github.bonigarcia.wdm.WebDriverManager - Using chromedriver 101.0.4951.41 (resolved driver for Chrome 101)
23:46:22.263 [main] DEBUG io.github.bonigarcia.wdm.WebDriverManager - Driver chromedriver 101.0.4951.41 found in cache
23:46:22.263 [main] INFO io.github.bonigarcia.wdm.WebDriverManager - Exporting webdriver.chrome.driver as C:\Users\saral\.cache\selenium\chromedriver\win32\101.0.4951.41\chromedriver.exe
23:46:22.710 [main] DEBUG net.thucydides.core.reflection.ClassFinder - Could not load class .starter.CucumberTestSuite
23:46:22.710 [main] DEBUG net.thucydides.core.reflection.ClassFinder - Could not load class .starter.pages.HomePage
23:46:22.710 [main] DEBUG net.thucydides.core.reflection.ClassFinder - Could not load class .starter.pages.LoginPage
23:46:22.710 [main] DEBUG net.thucydides.core.reflection.ClassFinder - Could not load class .starter.pages.LogoutPage
23:46:22.710 [main] DEBUG net.thucydides.core.reflection.ClassFinder - Could not load class .starter.pages.OrderPage
23:46:22.710 [main] DEBUG net.thucydides.core.reflection.ClassFinder - Could not load class .starter.pages.RatingPage
23:46:22.710 [main] DEBUG net.thucydides.core.reflection.ClassFinder - Could not load class .starter.pages.RegisterPage
23:46:22.710 [main] DEBUG net.thucydides.core.reflection.ClassFinder - Could not load class .starter.stepdefinitions.LoginSteps
23:46:22.711 [main] DEBUG net.thucydides.core.reflection.ClassFinder - Could not load class .starter.stepdefinitions.LogoutSteps
23:46:22.711 [main] DEBUG net.thucydides.core.reflection.ClassFinder - Could not load class .starter.stepdefinitions.OrderSteps
23:46:22.711 [main] DEBUG net.thucydides.core.reflection.ClassFinder - Could not load class .starter.stepdefinitions.RatingSteps
23:46:22.711 [main] DEBUG net.thucydides.core.reflection.ClassFinder - Could not load class .starter.stepdefinitions.RegisterSteps
23:46:22.712 [main] DEBUG net.thucydides.core.reflection.ClassFinder - Could not load class META-INF.versions.9.com.sun.istack.logging.StackHelper
23:46:22.712 [main] DEBUG net.thucydides.core.reflection.ClassFinder - Could not load class META-INF.versions.9.com.sun.xml.bind.v2.runtime.reflect.opt.AccessorInjector
23:46:22.712 [main] DEBUG net.thucydides.core.reflection.ClassFinder - Could not load class META-INF.versions.9.com.sun.xml.bind.v2.runtime.reflect.opt.Injector
23:46:22.712 [main] DEBUG net.thucydides.core.reflection.ClassFinder - Could not load class META-INF.versions.9.com.sun.xml.bind.v2.runtime.reflect.opt.OptimizedAccessorFactory
23:46:22.713 [main] DEBUG net.thucydides.core.reflection.ClassFinder - Could not load class META-INF.versions.9.com.sun.xml.bind.v2.runtime.reflect.opt.OptimizedTransducedAccessorFactory
23:46:22.713 [main] DEBUG net.thucydides.core.reflection.ClassFinder - Could not load class META-INF.versions.9.io.opentelemetry.sdk.internal.CurrentJavaVersionSpecific
23:46:22.713 [main] DEBUG net.thucydides.core.reflection.ClassFinder - Could not load class META-INF.versions.9.io.opentelemetry.sdk.internal.Java9VersionSpecific
23:46:22.714 [main] DEBUG net.thucydides.core.reflection.ClassFinder - Could not load class META-INF.versions.9.javax.xml.bind.ModuleUtil
23:46:22.714 [main] DEBUG net.thucydides.core.reflection.ClassFinder - Could not load class META-INF.versions.9.module-info
23:46:22.714 [main] DEBUG net.thucydides.core.reflection.ClassFinder - Could not load class META-INF.versions.9.org.junit.platform.commons.util.ModuleUtils
23:46:22.959 [main] DEBUG net.thucydides.core.reflection.ClassFinder - Could not load class com.google.gson.internal.
23:46:23.086 [main] DEBUG net.thucydides.core.reflection.ClassFinder - Could not load class com.sun.xml.bind.v2.runtime.output.FastInfosetStreamWriterOutput
23:46:23.419 [main] DEBUG net.thucydides.core.reflection.ClassFinder - Could not load class module-info
23:46:25.328 [main] DEBUG io.netty.util.internal.logging.InternalLoggerFactory - Using SLF4J as the default logging framework
23:46:25.330 [main] DEBUG io.netty.util.ResourceLeakDetector - -Dio.netty.leakDetection.level: simple
23:46:25.330 [main] DEBUG io.netty.util.ResourceLeakDetector - -Dio.netty.leakDetection.targetRecords: 4
23:46:25.334 [main] DEBUG io.netty.util.ResourceLeakDetectorFactory - Loaded default ResourceLeakDetector: io.netty.util.ResourceLeakDetector@5ab780ce
23:46:25.348 [main] DEBUG io.netty.util.internal.PlatformDependent0 - -Dio.netty.noUnsafe: false
23:46:25.348 [main] DEBUG io.netty.util.internal.PlatformDependent0 - Java version: 11
23:46:25.349 [main] DEBUG io.netty.util.internal.PlatformDependent0 - sun.misc.Unsafe.theUnsafe: available
23:46:25.350 [main] DEBUG io.netty.util.internal.PlatformDependent0 - sun.misc.Unsafe.copyMemory: available
23:46:25.350 [main] DEBUG io.netty.util.internal.PlatformDependent0 - java.nio.Buffer.address: available
23:46:25.350 [main] DEBUG io.netty.util.internal.PlatformDependent0 - direct buffer constructor: unavailable: Reflective setAccessible(true) disabled
23:46:25.351 [main] DEBUG io.netty.util.internal.PlatformDependent0 - java.nio.Bits.unaligned: available, true
23:46:25.352 [main] DEBUG io.netty.util.internal.PlatformDependent0 - jdk.internal.misc.Unsafe.allocateUninitializedArray(int): unavailable: class io.netty.util.internal.PlatformDependent0$6 cannot access class jdk.internal.misc.Unsafe (in module java.base) because module java.base does not export jdk.internal.misc to unnamed module @4fbdc0f0
23:46:25.352 [main] DEBUG io.netty.util.internal.PlatformDependent0 - java.nio.DirectByteBuffer.<init>(long, int): unavailable
23:46:25.352 [main] DEBUG io.netty.util.internal.PlatformDependent - sun.misc.Unsafe: available
23:46:25.354 [main] DEBUG io.netty.util.internal.PlatformDependent - maxDirectMemory: 4211081216 bytes (maybe)
23:46:25.354 [main] DEBUG io.netty.util.internal.PlatformDependent - -Dio.netty.tmpdir: C:\Users\saral\AppData\Local\Temp (java.io.tmpdir)
23:46:25.354 [main] DEBUG io.netty.util.internal.PlatformDependent - -Dio.netty.bitMode: 64 (sun.arch.data.model)
23:46:25.354 [main] DEBUG io.netty.util.internal.PlatformDependent - Platform: Windows
23:46:25.355 [main] DEBUG io.netty.util.internal.PlatformDependent - -Dio.netty.maxDirectMemory: -1 bytes
23:46:25.355 [main] DEBUG io.netty.util.internal.PlatformDependent - -Dio.netty.uninitializedArrayAllocationThreshold: -1
23:46:25.355 [main] DEBUG io.netty.util.internal.CleanerJava9 - java.nio.ByteBuffer.cleaner(): available
23:46:25.355 [main] DEBUG io.netty.util.internal.PlatformDependent - -Dio.netty.noPreferDirect: false
23:46:25.361 [main] DEBUG io.netty.util.internal.PlatformDependent - org.jctools-core.MpscChunkedArrayQueue: available
23:46:25.375 [main] DEBUG io.netty.util.internal.InternalThreadLocalMap - -Dio.netty.threadLocalMap.stringBuilder.initialSize: 1024
23:46:25.375 [main] DEBUG io.netty.util.internal.InternalThreadLocalMap - -Dio.netty.threadLocalMap.stringBuilder.maxSize: 4096
23:46:25.400 [main] DEBUG io.netty.handler.ssl.JdkSslContext - Default protocols (JDK): [TLSv1.3, TLSv1.2] 
23:46:25.400 [main] DEBUG io.netty.handler.ssl.JdkSslContext - Default cipher suites (JDK): [TLS_ECDHE_ECDSA_WITH_AES_256_GCM_SHA384, TLS_ECDHE_ECDSA_WITH_AES_128_GCM_SHA256, TLS_ECDHE_RSA_WITH_AES_128_GCM_SHA256, TLS_ECDHE_RSA_WITH_AES_256_GCM_SHA384, TLS_ECDHE_RSA_WITH_AES_128_CBC_SHA, TLS_ECDHE_RSA_WITH_AES_256_CBC_SHA, TLS_RSA_WITH_AES_128_GCM_SHA256, TLS_RSA_WITH_AES_128_CBC_SHA, TLS_RSA_WITH_AES_256_CBC_SHA, TLS_AES_128_GCM_SHA256, TLS_AES_256_GCM_SHA384]
23:46:25.421 [main] DEBUG io.netty.channel.MultithreadEventLoopGroup - -Dio.netty.eventLoopThreads: 16
23:46:25.428 [main] DEBUG io.netty.channel.nio.NioEventLoop - -Dio.netty.noKeySetOptimization: false
23:46:25.428 [main] DEBUG io.netty.channel.nio.NioEventLoop - -Dio.netty.selectorAutoRebuildThreshold: 512
23:46:25.458 [main] DEBUG io.netty.buffer.PooledByteBufAllocator - -Dio.netty.allocator.numHeapArenas: 16
23:46:25.458 [main] DEBUG io.netty.buffer.PooledByteBufAllocator - -Dio.netty.allocator.numDirectArenas: 16
23:46:25.458 [main] DEBUG io.netty.buffer.PooledByteBufAllocator - -Dio.netty.allocator.pageSize: 8192
23:46:25.458 [main] DEBUG io.netty.buffer.PooledByteBufAllocator - -Dio.netty.allocator.maxOrder: 11
23:46:25.458 [main] DEBUG io.netty.buffer.PooledByteBufAllocator - -Dio.netty.allocator.chunkSize: 16777216
23:46:25.458 [main] DEBUG io.netty.buffer.PooledByteBufAllocator - -Dio.netty.allocator.smallCacheSize: 256
23:46:25.458 [main] DEBUG io.netty.buffer.PooledByteBufAllocator - -Dio.netty.allocator.normalCacheSize: 64
23:46:25.458 [main] DEBUG io.netty.buffer.PooledByteBufAllocator - -Dio.netty.allocator.maxCachedBufferCapacity: 32768
23:46:25.458 [main] DEBUG io.netty.buffer.PooledByteBufAllocator - -Dio.netty.allocator.cacheTrimInterval: 8192
23:46:25.458 [main] DEBUG io.netty.buffer.PooledByteBufAllocator - -Dio.netty.allocator.cacheTrimIntervalMillis: 0
23:46:25.458 [main] DEBUG io.netty.buffer.PooledByteBufAllocator - -Dio.netty.allocator.useCacheForAllThreads: true
23:46:25.458 [main] DEBUG io.netty.buffer.PooledByteBufAllocator - -Dio.netty.allocator.maxCachedByteBuffersPerChunk: 1023
23:46:25.466 [main] DEBUG io.netty.buffer.ByteBufUtil - -Dio.netty.allocator.type: pooled
23:46:25.466 [main] DEBUG io.netty.buffer.ByteBufUtil - -Dio.netty.threadLocalDirectBufferSize: 0
23:46:25.466 [main] DEBUG io.netty.buffer.ByteBufUtil - -Dio.netty.maxThreadLocalCharBufferSize: 16384
23:46:25.602 [main] DEBUG net.serenitybdd.core.webdriver.driverproviders.ProvideNewDriver - Instantiating driver
23:46:25.602 [main] DEBUG net.serenitybdd.core.webdriver.driverproviders.ProvideNewDriver - Driver capabilities: Capabilities {acceptInsecureCerts: false, base.url: https://qa.alta.id/, browserName: chrome, chrome.driver: src/main/resources/webdrive..., driver: chrome, goog:chromeOptions: {args: [], extensions: []}}
23:46:26.265 [Forwarding newSession on session null to remote] DEBUG io.netty.channel.DefaultChannelId - -Dio.netty.processId: 23764 (auto-detected)
23:46:26.267 [Forwarding newSession on session null to remote] DEBUG io.netty.util.NetUtil - -Djava.net.preferIPv4Stack: false
23:46:26.267 [Forwarding newSession on session null to remote] DEBUG io.netty.util.NetUtil - -Djava.net.preferIPv6Addresses: false
23:46:26.384 [Forwarding newSession on session null to remote] DEBUG io.netty.util.NetUtilInitializations - Loopback interface: lo (Software Loopback Interface 1, 127.0.0.1)
23:46:26.385 [Forwarding newSession on session null to remote] DEBUG io.netty.util.NetUtil - Failed to get SOMAXCONN from sysctl and file \proc\sys\net\core\somaxconn. Default: 200
23:46:26.505 [Forwarding newSession on session null to remote] DEBUG io.netty.channel.DefaultChannelId - -Dio.netty.machineId: 04:42:1a:ff:fe:88:54:7b (auto-detected)
23:46:26.537 [AsyncHttpClient-1-2] DEBUG io.netty.buffer.AbstractByteBuf - -Dio.netty.buffer.checkAccessible: true
23:46:26.538 [AsyncHttpClient-1-2] DEBUG io.netty.buffer.AbstractByteBuf - -Dio.netty.buffer.checkBounds: true
23:46:26.538 [AsyncHttpClient-1-2] DEBUG io.netty.util.ResourceLeakDetectorFactory - Loaded default ResourceLeakDetector: io.netty.util.ResourceLeakDetector@6f7201b9
23:46:26.547 [AsyncHttpClient-1-2] DEBUG org.asynchttpclient.netty.channel.NettyConnectListener - Using new Channel '[id: 0x79a5b980, L:/127.0.0.1:56882 - R:localhost/127.0.0.1:60915]' for 'POST' to '/session'
23:46:26.558 [AsyncHttpClient-1-2] DEBUG io.netty.util.Recycler - -Dio.netty.recycler.maxCapacityPerThread: 4096
23:46:26.559 [AsyncHttpClient-1-2] DEBUG io.netty.util.Recycler - -Dio.netty.recycler.ratio: 8
23:46:26.559 [AsyncHttpClient-1-2] DEBUG io.netty.util.Recycler - -Dio.netty.recycler.chunkSize: 32
23:46:26.559 [AsyncHttpClient-1-2] DEBUG io.netty.util.Recycler - -Dio.netty.recycler.blocking: false
23:46:27.067 [AsyncHttpClient-1-2] DEBUG io.netty.handler.codec.compression.Brotli - brotli4j not in the classpath; Brotli support will be unavailable.
23:46:27.067 [AsyncHttpClient-1-2] DEBUG org.asynchttpclient.netty.handler.HttpHandler - 

Request DefaultHttpRequest(decodeResult: success, version: HTTP/1.1)
POST /session HTTP/1.1
User-Agent: selenium/4.1.2 (java windows)
Content-Length: 605
Content-Type: application/json; charset=utf-8
host: localhost:60915
accept: */*

Response DefaultHttpResponse(decodeResult: success, version: HTTP/1.1)
HTTP/1.1 200 OK
Content-Type: application/json; charset=utf-8
cache-control: no-cache
content-length: 789

23:46:27.075 [AsyncHttpClient-1-2] DEBUG org.asynchttpclient.netty.channel.ChannelManager - Adding key: http://localhost:60915 for channel [id: 0x79a5b980, L:/127.0.0.1:56882 - R:localhost/127.0.0.1:60915]
23:46:27.129 [AsyncHttpClient-1-3] DEBUG org.asynchttpclient.netty.channel.NettyConnectListener - Using new Channel '[id: 0xce1d0613, L:/127.0.0.1:56889 - R:localhost/127.0.0.1:56883]' for 'GET' to '/json/version'
23:46:27.135 [AsyncHttpClient-1-3] DEBUG org.asynchttpclient.netty.handler.HttpHandler - 

Request DefaultFullHttpRequest(decodeResult: success, version: HTTP/1.1, content: EmptyByteBufBE)
GET /json/version HTTP/1.1
User-Agent: selenium/4.1.2 (java windows)
host: localhost:56883
accept: */*

Response DefaultHttpResponse(decodeResult: success, version: HTTP/1.1)
HTTP/1.1 200 OK
Content-Type: application/json; charset=UTF-8
content-length: 427

23:46:27.136 [AsyncHttpClient-1-3] DEBUG org.asynchttpclient.netty.channel.ChannelManager - Adding key: http://localhost:56883 for channel [id: 0xce1d0613, L:/127.0.0.1:56889 - R:localhost/127.0.0.1:56883]
23:46:27.143 [main] DEBUG io.netty.util.internal.ThreadLocalRandom - -Dio.netty.initialSeedUniquifier: 0xc9ca314ee638d993
23:46:27.147 [AsyncHttpClient-1-4] DEBUG org.asynchttpclient.netty.channel.NettyConnectListener - Using new Channel '[id: 0x0337441f, L:/127.0.0.1:56890 - R:localhost/127.0.0.1:56883]' for 'GET' to '/devtools/browser/851694e9-ead3-4189-aef2-0b9f7d45a1b0'
23:46:27.152 [AsyncHttpClient-1-4] DEBUG org.asynchttpclient.netty.handler.WebSocketHandler - 

Request DefaultFullHttpRequest(decodeResult: success, version: HTTP/1.1, content: EmptyByteBufBE)
GET /devtools/browser/851694e9-ead3-4189-aef2-0b9f7d45a1b0 HTTP/1.1
upgrade: websocket
connection: upgrade
sec-websocket-key: eKUqlvB7C9q2/lwHtT8rDw==
sec-websocket-version: 13
origin: http://localhost:56883
host: localhost:56883
accept: */*
user-agent: AHC/2.1

Response DefaultHttpResponse(decodeResult: success, version: HTTP/1.1)
HTTP/1.1 101 WebSocket Protocol Handshake
Upgrade: WebSocket
Connection: Upgrade
Sec-WebSocket-Accept: h+abkEKmfgq/G6jzL/7Xs4Mz2jM=

23:46:27.568 [AsyncHttpClient-1-1] DEBUG org.asynchttpclient.netty.channel.DefaultChannelPool - Entry count for : http://localhost:60915 : 1
23:46:27.568 [AsyncHttpClient-1-1] DEBUG org.asynchttpclient.netty.channel.DefaultChannelPool - Entry count for : http://localhost:56883 : 1
23:46:27.782 [main] DEBUG net.thucydides.core.reflection.ClassFinder - Could not load class .starter.CucumberTestSuite
23:46:27.782 [main] DEBUG net.thucydides.core.reflection.ClassFinder - Could not load class .starter.pages.HomePage
23:46:27.782 [main] DEBUG net.thucydides.core.reflection.ClassFinder - Could not load class .starter.pages.LoginPage
23:46:27.782 [main] DEBUG net.thucydides.core.reflection.ClassFinder - Could not load class .starter.pages.LogoutPage
23:46:27.782 [main] DEBUG net.thucydides.core.reflection.ClassFinder - Could not load class .starter.pages.OrderPage
23:46:27.782 [main] DEBUG net.thucydides.core.reflection.ClassFinder - Could not load class .starter.pages.RatingPage
23:46:27.783 [main] DEBUG net.thucydides.core.reflection.ClassFinder - Could not load class .starter.pages.RegisterPage
23:46:27.783 [main] DEBUG net.thucydides.core.reflection.ClassFinder - Could not load class .starter.stepdefinitions.LoginSteps
23:46:27.783 [main] DEBUG net.thucydides.core.reflection.ClassFinder - Could not load class .starter.stepdefinitions.LogoutSteps
23:46:27.783 [main] DEBUG net.thucydides.core.reflection.ClassFinder - Could not load class .starter.stepdefinitions.OrderSteps
23:46:27.783 [main] DEBUG net.thucydides.core.reflection.ClassFinder - Could not load class .starter.stepdefinitions.RatingSteps
23:46:27.783 [main] DEBUG net.thucydides.core.reflection.ClassFinder - Could not load class .starter.stepdefinitions.RegisterSteps
23:46:27.783 [main] DEBUG net.thucydides.core.reflection.ClassFinder - Could not load class META-INF.versions.9.com.sun.istack.logging.StackHelper
23:46:27.784 [main] DEBUG net.thucydides.core.reflection.ClassFinder - Could not load class META-INF.versions.9.com.sun.xml.bind.v2.runtime.reflect.opt.AccessorInjector
23:46:27.784 [main] DEBUG net.thucydides.core.reflection.ClassFinder - Could not load class META-INF.versions.9.com.sun.xml.bind.v2.runtime.reflect.opt.Injector
23:46:27.785 [main] DEBUG net.thucydides.core.reflection.ClassFinder - Could not load class META-INF.versions.9.com.sun.xml.bind.v2.runtime.reflect.opt.OptimizedAccessorFactory
23:46:27.785 [main] DEBUG net.thucydides.core.reflection.ClassFinder - Could not load class META-INF.versions.9.com.sun.xml.bind.v2.runtime.reflect.opt.OptimizedTransducedAccessorFactory
23:46:27.786 [main] DEBUG net.thucydides.core.reflection.ClassFinder - Could not load class META-INF.versions.9.io.opentelemetry.sdk.internal.CurrentJavaVersionSpecific
23:46:27.786 [main] DEBUG net.thucydides.core.reflection.ClassFinder - Could not load class META-INF.versions.9.io.opentelemetry.sdk.internal.Java9VersionSpecific
23:46:27.786 [main] DEBUG net.thucydides.core.reflection.ClassFinder - Could not load class META-INF.versions.9.javax.xml.bind.ModuleUtil
23:46:27.786 [main] DEBUG net.thucydides.core.reflection.ClassFinder - Could not load class META-INF.versions.9.module-info
23:46:27.787 [main] DEBUG net.thucydides.core.reflection.ClassFinder - Could not load class META-INF.versions.9.org.junit.platform.commons.util.ModuleUtils
23:46:27.789 [main] DEBUG net.thucydides.core.reflection.ClassFinder - Could not load class com.google.gson.internal.
23:46:27.790 [main] DEBUG net.thucydides.core.reflection.ClassFinder - Could not load class com.sun.xml.bind.v2.runtime.output.FastInfosetStreamWriterOutput
23:46:27.794 [main] DEBUG net.thucydides.core.reflection.ClassFinder - Could not load class module-info
23:46:27.819 [Forwarding get on session 290ee28285488abe738699759e3347f0 to remote] DEBUG org.asynchttpclient.netty.request.NettyRequestSender - Using pooled Channel '[id: 0x79a5b980, L:/127.0.0.1:56882 - R:localhost/127.0.0.1:60915]' for 'POST' to 'http://localhost:60915/session/290ee28285488abe738699759e3347f0/url'
23:46:27.819 [Forwarding get on session 290ee28285488abe738699759e3347f0 to remote] DEBUG org.asynchttpclient.netty.request.NettyRequestSender - Using open Channel [id: 0x79a5b980, L:/127.0.0.1:56882 - R:localhost/127.0.0.1:60915] for POST '/session/290ee28285488abe738699759e3347f0/url'
23:46:28.668 [AsyncHttpClient-1-1] DEBUG org.asynchttpclient.netty.channel.DefaultChannelPool - Entry count for : http://localhost:56883 : 1
23:46:29.184 [AsyncHttpClient-1-2] DEBUG org.asynchttpclient.netty.handler.HttpHandler - 

Request DefaultHttpRequest(decodeResult: success, version: HTTP/1.1)
POST /session/290ee28285488abe738699759e3347f0/url HTTP/1.1
User-Agent: selenium/4.1.2 (java windows)
Content-Length: 64
Content-Type: application/json; charset=utf-8
host: localhost:60915
accept: */*

Response DefaultHttpResponse(decodeResult: success, version: HTTP/1.1)
HTTP/1.1 200 OK
Content-Type: application/json; charset=utf-8
cache-control: no-cache
content-length: 14

23:46:29.184 [AsyncHttpClient-1-2] DEBUG org.asynchttpclient.netty.channel.ChannelManager - Adding key: http://localhost:60915 for channel [id: 0x79a5b980, L:/127.0.0.1:56882 - R:localhost/127.0.0.1:60915]
23:46:29.190 [Forwarding setTimeout on session 290ee28285488abe738699759e3347f0 to remote] DEBUG org.asynchttpclient.netty.request.NettyRequestSender - Using pooled Channel '[id: 0x79a5b980, L:/127.0.0.1:56882 - R:localhost/127.0.0.1:60915]' for 'POST' to 'http://localhost:60915/session/290ee28285488abe738699759e3347f0/timeouts'
23:46:29.190 [Forwarding setTimeout on session 290ee28285488abe738699759e3347f0 to remote] DEBUG org.asynchttpclient.netty.request.NettyRequestSender - Using open Channel [id: 0x79a5b980, L:/127.0.0.1:56882 - R:localhost/127.0.0.1:60915] for POST '/session/290ee28285488abe738699759e3347f0/timeouts'
23:46:29.191 [AsyncHttpClient-1-2] DEBUG org.asynchttpclient.netty.handler.HttpHandler - 

Request DefaultHttpRequest(decodeResult: success, version: HTTP/1.1)
POST /session/290ee28285488abe738699759e3347f0/timeouts HTTP/1.1
User-Agent: selenium/4.1.2 (java windows)
Content-Length: 22
Content-Type: application/json; charset=utf-8
host: localhost:60915
accept: */*

Response DefaultHttpResponse(decodeResult: success, version: HTTP/1.1)
HTTP/1.1 200 OK
Content-Type: application/json; charset=utf-8
cache-control: no-cache
content-length: 14

23:46:29.191 [AsyncHttpClient-1-2] DEBUG org.asynchttpclient.netty.channel.ChannelManager - Adding key: http://localhost:60915 for channel [id: 0x79a5b980, L:/127.0.0.1:56882 - R:localhost/127.0.0.1:60915]
23:46:29.196 [Forwarding getCurrentUrl on session 290ee28285488abe738699759e3347f0 to remote] DEBUG org.asynchttpclient.netty.request.NettyRequestSender - Using pooled Channel '[id: 0x79a5b980, L:/127.0.0.1:56882 - R:localhost/127.0.0.1:60915]' for 'GET' to 'http://localhost:60915/session/290ee28285488abe738699759e3347f0/url'
23:46:29.196 [Forwarding getCurrentUrl on session 290ee28285488abe738699759e3347f0 to remote] DEBUG org.asynchttpclient.netty.request.NettyRequestSender - Using open Channel [id: 0x79a5b980, L:/127.0.0.1:56882 - R:localhost/127.0.0.1:60915] for GET '/session/290ee28285488abe738699759e3347f0/url'
23:46:29.199 [AsyncHttpClient-1-2] DEBUG org.asynchttpclient.netty.handler.HttpHandler - 

Request DefaultFullHttpRequest(decodeResult: success, version: HTTP/1.1, content: EmptyByteBufBE)
GET /session/290ee28285488abe738699759e3347f0/url HTTP/1.1
User-Agent: selenium/4.1.2 (java windows)
Cache-Control: no-cache
Content-Type: application/json; charset=utf-8
host: localhost:60915
accept: */*

Response DefaultHttpResponse(decodeResult: success, version: HTTP/1.1)
HTTP/1.1 200 OK
Content-Type: application/json; charset=utf-8
cache-control: no-cache
content-length: 41

23:46:29.200 [AsyncHttpClient-1-2] DEBUG org.asynchttpclient.netty.channel.ChannelManager - Adding key: http://localhost:60915 for channel [id: 0x79a5b980, L:/127.0.0.1:56882 - R:localhost/127.0.0.1:60915]
23:46:29.214 [main] DEBUG net.serenitybdd.core.photography.Darkroom - Opening darkroom
23:46:29.215 [Darkroom Processing Line] DEBUG net.serenitybdd.core.photography.DarkroomProcessingLine - Darkroom processing line starting up
23:46:29.216 [Forwarding screenshot on session 290ee28285488abe738699759e3347f0 to remote] DEBUG org.asynchttpclient.netty.request.NettyRequestSender - Using pooled Channel '[id: 0x79a5b980, L:/127.0.0.1:56882 - R:localhost/127.0.0.1:60915]' for 'GET' to 'http://localhost:60915/session/290ee28285488abe738699759e3347f0/screenshot'
23:46:29.216 [Forwarding screenshot on session 290ee28285488abe738699759e3347f0 to remote] DEBUG org.asynchttpclient.netty.request.NettyRequestSender - Using open Channel [id: 0x79a5b980, L:/127.0.0.1:56882 - R:localhost/127.0.0.1:60915] for GET '/session/290ee28285488abe738699759e3347f0/screenshot'
23:46:29.297 [AsyncHttpClient-1-2] DEBUG org.asynchttpclient.netty.handler.HttpHandler - 

Request DefaultFullHttpRequest(decodeResult: success, version: HTTP/1.1, content: EmptyByteBufBE)
GET /session/290ee28285488abe738699759e3347f0/screenshot HTTP/1.1
User-Agent: selenium/4.1.2 (java windows)
Cache-Control: no-cache
Content-Type: application/json; charset=utf-8
host: localhost:60915
accept: */*

Response DefaultHttpResponse(decodeResult: success, version: HTTP/1.1)
HTTP/1.1 200 OK
Content-Type: application/json; charset=utf-8
cache-control: no-cache
content-length: 32192

23:46:29.298 [AsyncHttpClient-1-2] DEBUG org.asynchttpclient.netty.channel.ChannelManager - Adding key: http://localhost:60915 for channel [id: 0x79a5b980, L:/127.0.0.1:56882 - R:localhost/127.0.0.1:60915]
23:46:29.346 [main] DEBUG net.serenitybdd.core.photography.Darkroom - Send negative for processing for target\site\serenity\4d98329a65403fb35239499910819cdb6d3d71d823e551da367b9fc52c2ec142.png
23:46:29.347 [Darkroom Processing Line] DEBUG net.serenitybdd.core.photography.DarkroomProcessingLine - Processing screenshot image in /var/screenshots/screenshot-4402244650863676334
23:46:29.347 [Darkroom Processing Line] DEBUG net.serenitybdd.core.photography.DarkroomProcessingLine - Saving screenshot to target\site\serenity\4d98329a65403fb35239499910819cdb6d3d71d823e551da367b9fc52c2ec142.png
23:46:29.350 [main] DEBUG net.thucydides.core.steps.StepInterceptor - STEP DONE: loginPage
23:46:29.356 [main] DEBUG net.thucydides.core.steps.StepInterceptor - STARTING STEP: LoginSteps.onTheLoginPage - validateOnLoginPage
23:46:29.359 [Forwarding findElement on session 290ee28285488abe738699759e3347f0 to remote] DEBUG org.asynchttpclient.netty.request.NettyRequestSender - Using pooled Channel '[id: 0x79a5b980, L:/127.0.0.1:56882 - R:localhost/127.0.0.1:60915]' for 'POST' to 'http://localhost:60915/session/290ee28285488abe738699759e3347f0/element'
23:46:29.359 [Forwarding findElement on session 290ee28285488abe738699759e3347f0 to remote] DEBUG org.asynchttpclient.netty.request.NettyRequestSender - Using open Channel [id: 0x79a5b980, L:/127.0.0.1:56882 - R:localhost/127.0.0.1:60915] for POST '/session/290ee28285488abe738699759e3347f0/element'
23:46:29.367 [AsyncHttpClient-1-2] DEBUG org.asynchttpclient.netty.handler.HttpHandler - 

Request DefaultHttpRequest(decodeResult: success, version: HTTP/1.1)
POST /session/290ee28285488abe738699759e3347f0/element HTTP/1.1
User-Agent: selenium/4.1.2 (java windows)
Content-Length: 155
Content-Type: application/json; charset=utf-8
host: localhost:60915
accept: */*

Response DefaultHttpResponse(decodeResult: success, version: HTTP/1.1)
HTTP/1.1 200 OK
Content-Type: application/json; charset=utf-8
cache-control: no-cache
content-length: 88

23:46:29.367 [AsyncHttpClient-1-2] DEBUG org.asynchttpclient.netty.channel.ChannelManager - Adding key: http://localhost:60915 for channel [id: 0x79a5b980, L:/127.0.0.1:56882 - R:localhost/127.0.0.1:60915]
23:46:29.383 [Forwarding isElementDisplayed on session 290ee28285488abe738699759e3347f0 to remote] DEBUG org.asynchttpclient.netty.request.NettyRequestSender - Using pooled Channel '[id: 0x79a5b980, L:/127.0.0.1:56882 - R:localhost/127.0.0.1:60915]' for 'POST' to 'http://localhost:60915/session/290ee28285488abe738699759e3347f0/execute/sync'
23:46:29.383 [Forwarding isElementDisplayed on session 290ee28285488abe738699759e3347f0 to remote] DEBUG org.asynchttpclient.netty.request.NettyRequestSender - Using open Channel [id: 0x79a5b980, L:/127.0.0.1:56882 - R:localhost/127.0.0.1:60915] for POST '/session/290ee28285488abe738699759e3347f0/execute/sync'
23:46:29.401 [AsyncHttpClient-1-2] DEBUG org.asynchttpclient.netty.handler.HttpHandler - 

Request DefaultHttpRequest(decodeResult: success, version: HTTP/1.1)
POST /session/290ee28285488abe738699759e3347f0/execute/sync HTTP/1.1
User-Agent: selenium/4.1.2 (java windows)
Content-Length: 48780
Content-Type: application/json; charset=utf-8
host: localhost:60915
accept: */*

Response DefaultHttpResponse(decodeResult: success, version: HTTP/1.1)
HTTP/1.1 200 OK
Content-Type: application/json; charset=utf-8
cache-control: no-cache
content-length: 14

23:46:29.401 [AsyncHttpClient-1-2] DEBUG org.asynchttpclient.netty.channel.ChannelManager - Adding key: http://localhost:60915 for channel [id: 0x79a5b980, L:/127.0.0.1:56882 - R:localhost/127.0.0.1:60915]
23:46:29.406 [Forwarding screenshot on session 290ee28285488abe738699759e3347f0 to remote] DEBUG org.asynchttpclient.netty.request.NettyRequestSender - Using pooled Channel '[id: 0x79a5b980, L:/127.0.0.1:56882 - R:localhost/127.0.0.1:60915]' for 'GET' to 'http://localhost:60915/session/290ee28285488abe738699759e3347f0/screenshot'
23:46:29.406 [Forwarding screenshot on session 290ee28285488abe738699759e3347f0 to remote] DEBUG org.asynchttpclient.netty.request.NettyRequestSender - Using open Channel [id: 0x79a5b980, L:/127.0.0.1:56882 - R:localhost/127.0.0.1:60915] for GET '/session/290ee28285488abe738699759e3347f0/screenshot'
23:46:29.472 [AsyncHttpClient-1-2] DEBUG org.asynchttpclient.netty.handler.HttpHandler - 

Request DefaultFullHttpRequest(decodeResult: success, version: HTTP/1.1, content: EmptyByteBufBE)
GET /session/290ee28285488abe738699759e3347f0/screenshot HTTP/1.1
User-Agent: selenium/4.1.2 (java windows)
Cache-Control: no-cache
Content-Type: application/json; charset=utf-8
host: localhost:60915
accept: */*

Response DefaultHttpResponse(decodeResult: success, version: HTTP/1.1)
HTTP/1.1 200 OK
Content-Type: application/json; charset=utf-8
cache-control: no-cache
content-length: 32192

23:46:29.473 [AsyncHttpClient-1-2] DEBUG org.asynchttpclient.netty.channel.ChannelManager - Adding key: http://localhost:60915 for channel [id: 0x79a5b980, L:/127.0.0.1:56882 - R:localhost/127.0.0.1:60915]
23:46:29.474 [main] DEBUG net.serenitybdd.core.photography.Darkroom - Send negative for processing for target\site\serenity\4d98329a65403fb35239499910819cdb6d3d71d823e551da367b9fc52c2ec142.png
23:46:29.474 [main] DEBUG net.thucydides.core.steps.StepInterceptor - STEP DONE: validateOnLoginPage
  &amp#27;[32mGiven &amp#27;[0m&amp#27;[32mI am on the login page&amp#27;[0m                &amp#27;[90m# starter.stepdefinitions.LoginSteps.onTheLoginPage()&amp#27;[0m
23:46:29.501 [main] DEBUG net.thucydides.core.steps.StepInterceptor - STARTING STEP: LoginSteps.inputValidEmail - inputEmail
23:46:29.506 [Forwarding findElement on session 290ee28285488abe738699759e3347f0 to remote] DEBUG org.asynchttpclient.netty.request.NettyRequestSender - Using pooled Channel '[id: 0x79a5b980, L:/127.0.0.1:56882 - R:localhost/127.0.0.1:60915]' for 'POST' to 'http://localhost:60915/session/290ee28285488abe738699759e3347f0/element'
23:46:29.506 [Forwarding findElement on session 290ee28285488abe738699759e3347f0 to remote] DEBUG org.asynchttpclient.netty.request.NettyRequestSender - Using open Channel [id: 0x79a5b980, L:/127.0.0.1:56882 - R:localhost/127.0.0.1:60915] for POST '/session/290ee28285488abe738699759e3347f0/element'
23:46:29.515 [AsyncHttpClient-1-2] DEBUG org.asynchttpclient.netty.handler.HttpHandler - 

Request DefaultHttpRequest(decodeResult: success, version: HTTP/1.1)
POST /session/290ee28285488abe738699759e3347f0/element HTTP/1.1
User-Agent: selenium/4.1.2 (java windows)
Content-Length: 84
Content-Type: application/json; charset=utf-8
host: localhost:60915
accept: */*

Response DefaultHttpResponse(decodeResult: success, version: HTTP/1.1)
HTTP/1.1 200 OK
Content-Type: application/json; charset=utf-8
cache-control: no-cache
content-length: 88

23:46:29.515 [AsyncHttpClient-1-2] DEBUG org.asynchttpclient.netty.channel.ChannelManager - Adding key: http://localhost:60915 for channel [id: 0x79a5b980, L:/127.0.0.1:56882 - R:localhost/127.0.0.1:60915]
23:46:29.517 [Forwarding clearElement on session 290ee28285488abe738699759e3347f0 to remote] DEBUG org.asynchttpclient.netty.request.NettyRequestSender - Using pooled Channel '[id: 0x79a5b980, L:/127.0.0.1:56882 - R:localhost/127.0.0.1:60915]' for 'POST' to 'http://localhost:60915/session/290ee28285488abe738699759e3347f0/element/ca23d424-b6f4-454e-b4ba-6963448a70c4/clear'
23:46:29.517 [Forwarding clearElement on session 290ee28285488abe738699759e3347f0 to remote] DEBUG org.asynchttpclient.netty.request.NettyRequestSender - Using open Channel [id: 0x79a5b980, L:/127.0.0.1:56882 - R:localhost/127.0.0.1:60915] for POST '/session/290ee28285488abe738699759e3347f0/element/ca23d424-b6f4-454e-b4ba-6963448a70c4/clear'
23:46:29.542 [AsyncHttpClient-1-2] DEBUG org.asynchttpclient.netty.handler.HttpHandler - 

Request DefaultHttpRequest(decodeResult: success, version: HTTP/1.1)
POST /session/290ee28285488abe738699759e3347f0/element/ca23d424-b6f4-454e-b4ba-6963448a70c4/clear HTTP/1.1
User-Agent: selenium/4.1.2 (java windows)
Content-Length: 50
Content-Type: application/json; charset=utf-8
host: localhost:60915
accept: */*

Response DefaultHttpResponse(decodeResult: success, version: HTTP/1.1)
HTTP/1.1 200 OK
Content-Type: application/json; charset=utf-8
cache-control: no-cache
content-length: 14

23:46:29.542 [AsyncHttpClient-1-2] DEBUG org.asynchttpclient.netty.channel.ChannelManager - Adding key: http://localhost:60915 for channel [id: 0x79a5b980, L:/127.0.0.1:56882 - R:localhost/127.0.0.1:60915]
23:46:29.548 [Forwarding sendKeysToElement on session 290ee28285488abe738699759e3347f0 to remote] DEBUG org.asynchttpclient.netty.request.NettyRequestSender - Using pooled Channel '[id: 0x79a5b980, L:/127.0.0.1:56882 - R:localhost/127.0.0.1:60915]' for 'POST' to 'http://localhost:60915/session/290ee28285488abe738699759e3347f0/element/ca23d424-b6f4-454e-b4ba-6963448a70c4/value'
23:46:29.548 [Forwarding sendKeysToElement on session 290ee28285488abe738699759e3347f0 to remote] DEBUG org.asynchttpclient.netty.request.NettyRequestSender - Using open Channel [id: 0x79a5b980, L:/127.0.0.1:56882 - R:localhost/127.0.0.1:60915] for POST '/session/290ee28285488abe738699759e3347f0/element/ca23d424-b6f4-454e-b4ba-6963448a70c4/value'
23:46:29.626 [AsyncHttpClient-1-2] DEBUG org.asynchttpclient.netty.handler.HttpHandler - 

Request DefaultHttpRequest(decodeResult: success, version: HTTP/1.1)
POST /session/290ee28285488abe738699759e3347f0/element/ca23d424-b6f4-454e-b4ba-6963448a70c4/value HTTP/1.1
User-Agent: selenium/4.1.2 (java windows)
Content-Length: 231
Content-Type: application/json; charset=utf-8
host: localhost:60915
accept: */*

Response DefaultHttpResponse(decodeResult: success, version: HTTP/1.1)
HTTP/1.1 200 OK
Content-Type: application/json; charset=utf-8
cache-control: no-cache
content-length: 14

23:46:29.626 [AsyncHttpClient-1-2] DEBUG org.asynchttpclient.netty.channel.ChannelManager - Adding key: http://localhost:60915 for channel [id: 0x79a5b980, L:/127.0.0.1:56882 - R:localhost/127.0.0.1:60915]
23:46:29.635 [Forwarding screenshot on session 290ee28285488abe738699759e3347f0 to remote] DEBUG org.asynchttpclient.netty.request.NettyRequestSender - Using pooled Channel '[id: 0x79a5b980, L:/127.0.0.1:56882 - R:localhost/127.0.0.1:60915]' for 'GET' to 'http://localhost:60915/session/290ee28285488abe738699759e3347f0/screenshot'
23:46:29.636 [Forwarding screenshot on session 290ee28285488abe738699759e3347f0 to remote] DEBUG org.asynchttpclient.netty.request.NettyRequestSender - Using open Channel [id: 0x79a5b980, L:/127.0.0.1:56882 - R:localhost/127.0.0.1:60915] for GET '/session/290ee28285488abe738699759e3347f0/screenshot'
23:46:29.726 [AsyncHttpClient-1-2] DEBUG org.asynchttpclient.netty.handler.HttpHandler - 

Request DefaultFullHttpRequest(decodeResult: success, version: HTTP/1.1, content: EmptyByteBufBE)
GET /session/290ee28285488abe738699759e3347f0/screenshot HTTP/1.1
User-Agent: selenium/4.1.2 (java windows)
Cache-Control: no-cache
Content-Type: application/json; charset=utf-8
host: localhost:60915
accept: */*

Response DefaultHttpResponse(decodeResult: success, version: HTTP/1.1)
HTTP/1.1 200 OK
Content-Type: application/json; charset=utf-8
cache-control: no-cache
content-length: 37828

23:46:29.726 [AsyncHttpClient-1-2] DEBUG org.asynchttpclient.netty.channel.ChannelManager - Adding key: http://localhost:60915 for channel [id: 0x79a5b980, L:/127.0.0.1:56882 - R:localhost/127.0.0.1:60915]
23:46:29.728 [main] DEBUG net.serenitybdd.core.photography.Darkroom - Send negative for processing for target\site\serenity\f2b31f18458334403564a611b1724925a4c47fd06fdaa6b72040df0dad291d30.png
23:46:29.728 [main] DEBUG net.thucydides.core.steps.StepInterceptor - STEP DONE: inputEmail
  &amp#27;[32mWhen &amp#27;[0m&amp#27;[32mI input valid email&amp#27;[0m                    &amp#27;[90m# starter.stepdefinitions.LoginSteps.inputValidEmail()&amp#27;[0m
23:46:29.729 [Darkroom Processing Line] DEBUG net.serenitybdd.core.photography.DarkroomProcessingLine - Processing screenshot image in /var/screenshots/screenshot-15920956525270363362
23:46:29.729 [Darkroom Processing Line] DEBUG net.serenitybdd.core.photography.DarkroomProcessingLine - Saving screenshot to target\site\serenity\f2b31f18458334403564a611b1724925a4c47fd06fdaa6b72040df0dad291d30.png
23:46:29.743 [main] DEBUG net.thucydides.core.steps.StepInterceptor - STARTING STEP: LoginSteps.inputValidPassword - inputPassword
23:46:29.747 [Forwarding findElement on session 290ee28285488abe738699759e3347f0 to remote] DEBUG org.asynchttpclient.netty.request.NettyRequestSender - Using pooled Channel '[id: 0x79a5b980, L:/127.0.0.1:56882 - R:localhost/127.0.0.1:60915]' for 'POST' to 'http://localhost:60915/session/290ee28285488abe738699759e3347f0/element'
23:46:29.747 [Forwarding findElement on session 290ee28285488abe738699759e3347f0 to remote] DEBUG org.asynchttpclient.netty.request.NettyRequestSender - Using open Channel [id: 0x79a5b980, L:/127.0.0.1:56882 - R:localhost/127.0.0.1:60915] for POST '/session/290ee28285488abe738699759e3347f0/element'
23:46:29.755 [AsyncHttpClient-1-2] DEBUG org.asynchttpclient.netty.handler.HttpHandler - 

Request DefaultHttpRequest(decodeResult: success, version: HTTP/1.1)
POST /session/290ee28285488abe738699759e3347f0/element HTTP/1.1
User-Agent: selenium/4.1.2 (java windows)
Content-Length: 87
Content-Type: application/json; charset=utf-8
host: localhost:60915
accept: */*

Response DefaultHttpResponse(decodeResult: success, version: HTTP/1.1)
HTTP/1.1 200 OK
Content-Type: application/json; charset=utf-8
cache-control: no-cache
content-length: 88

23:46:29.756 [AsyncHttpClient-1-2] DEBUG org.asynchttpclient.netty.channel.ChannelManager - Adding key: http://localhost:60915 for channel [id: 0x79a5b980, L:/127.0.0.1:56882 - R:localhost/127.0.0.1:60915]
23:46:29.757 [Forwarding clearElement on session 290ee28285488abe738699759e3347f0 to remote] DEBUG org.asynchttpclient.netty.request.NettyRequestSender - Using pooled Channel '[id: 0x79a5b980, L:/127.0.0.1:56882 - R:localhost/127.0.0.1:60915]' for 'POST' to 'http://localhost:60915/session/290ee28285488abe738699759e3347f0/element/7ec8dee9-2c5f-486a-ae68-5e800cc61ffe/clear'
23:46:29.757 [Forwarding clearElement on session 290ee28285488abe738699759e3347f0 to remote] DEBUG org.asynchttpclient.netty.request.NettyRequestSender - Using open Channel [id: 0x79a5b980, L:/127.0.0.1:56882 - R:localhost/127.0.0.1:60915] for POST '/session/290ee28285488abe738699759e3347f0/element/7ec8dee9-2c5f-486a-ae68-5e800cc61ffe/clear'
23:46:29.774 [AsyncHttpClient-1-1] DEBUG org.asynchttpclient.netty.channel.DefaultChannelPool - Entry count for : http://localhost:56883 : 1
23:46:29.782 [AsyncHttpClient-1-2] DEBUG org.asynchttpclient.netty.handler.HttpHandler - 

Request DefaultHttpRequest(decodeResult: success, version: HTTP/1.1)
POST /session/290ee28285488abe738699759e3347f0/element/7ec8dee9-2c5f-486a-ae68-5e800cc61ffe/clear HTTP/1.1
User-Agent: selenium/4.1.2 (java windows)
Content-Length: 50
Content-Type: application/json; charset=utf-8
host: localhost:60915
accept: */*

Response DefaultHttpResponse(decodeResult: success, version: HTTP/1.1)
HTTP/1.1 200 OK
Content-Type: application/json; charset=utf-8
cache-control: no-cache
content-length: 14

23:46:29.782 [AsyncHttpClient-1-2] DEBUG org.asynchttpclient.netty.channel.ChannelManager - Adding key: http://localhost:60915 for channel [id: 0x79a5b980, L:/127.0.0.1:56882 - R:localhost/127.0.0.1:60915]
23:46:29.784 [Forwarding sendKeysToElement on session 290ee28285488abe738699759e3347f0 to remote] DEBUG org.asynchttpclient.netty.request.NettyRequestSender - Using pooled Channel '[id: 0x79a5b980, L:/127.0.0.1:56882 - R:localhost/127.0.0.1:60915]' for 'POST' to 'http://localhost:60915/session/290ee28285488abe738699759e3347f0/element/7ec8dee9-2c5f-486a-ae68-5e800cc61ffe/value'
23:46:29.784 [Forwarding sendKeysToElement on session 290ee28285488abe738699759e3347f0 to remote] DEBUG org.asynchttpclient.netty.request.NettyRequestSender - Using open Channel [id: 0x79a5b980, L:/127.0.0.1:56882 - R:localhost/127.0.0.1:60915] for POST '/session/290ee28285488abe738699759e3347f0/element/7ec8dee9-2c5f-486a-ae68-5e800cc61ffe/value'
23:46:29.825 [AsyncHttpClient-1-2] DEBUG org.asynchttpclient.netty.handler.HttpHandler - 

Request DefaultHttpRequest(decodeResult: success, version: HTTP/1.1)
POST /session/290ee28285488abe738699759e3347f0/element/7ec8dee9-2c5f-486a-ae68-5e800cc61ffe/value HTTP/1.1
User-Agent: selenium/4.1.2 (java windows)
Content-Length: 151
Content-Type: application/json; charset=utf-8
host: localhost:60915
accept: */*

Response DefaultHttpResponse(decodeResult: success, version: HTTP/1.1)
HTTP/1.1 200 OK
Content-Type: application/json; charset=utf-8
cache-control: no-cache
content-length: 14

23:46:29.825 [AsyncHttpClient-1-2] DEBUG org.asynchttpclient.netty.channel.ChannelManager - Adding key: http://localhost:60915 for channel [id: 0x79a5b980, L:/127.0.0.1:56882 - R:localhost/127.0.0.1:60915]
23:46:29.831 [Forwarding screenshot on session 290ee28285488abe738699759e3347f0 to remote] DEBUG org.asynchttpclient.netty.request.NettyRequestSender - Using pooled Channel '[id: 0x79a5b980, L:/127.0.0.1:56882 - R:localhost/127.0.0.1:60915]' for 'GET' to 'http://localhost:60915/session/290ee28285488abe738699759e3347f0/screenshot'
23:46:29.831 [Forwarding screenshot on session 290ee28285488abe738699759e3347f0 to remote] DEBUG org.asynchttpclient.netty.request.NettyRequestSender - Using open Channel [id: 0x79a5b980, L:/127.0.0.1:56882 - R:localhost/127.0.0.1:60915] for GET '/session/290ee28285488abe738699759e3347f0/screenshot'
23:46:29.919 [AsyncHttpClient-1-2] DEBUG org.asynchttpclient.netty.handler.HttpHandler - 

Request DefaultFullHttpRequest(decodeResult: success, version: HTTP/1.1, content: EmptyByteBufBE)
GET /session/290ee28285488abe738699759e3347f0/screenshot HTTP/1.1
User-Agent: selenium/4.1.2 (java windows)
Cache-Control: no-cache
Content-Type: application/json; charset=utf-8
host: localhost:60915
accept: */*

Response DefaultHttpResponse(decodeResult: success, version: HTTP/1.1)
HTTP/1.1 200 OK
Content-Type: application/json; charset=utf-8
cache-control: no-cache
content-length: 40480

23:46:29.920 [AsyncHttpClient-1-2] DEBUG org.asynchttpclient.netty.channel.ChannelManager - Adding key: http://localhost:60915 for channel [id: 0x79a5b980, L:/127.0.0.1:56882 - R:localhost/127.0.0.1:60915]
23:46:29.923 [main] DEBUG net.serenitybdd.core.photography.Darkroom - Send negative for processing for target\site\serenity\71630065863f206acdaf41604e33fe9fdd7cc2fd7d699b3ef90cbf67d16f8cdc.png
23:46:29.924 [main] DEBUG net.thucydides.core.steps.StepInterceptor - STEP DONE: inputPassword
  &amp#27;[32mAnd &amp#27;[0m&amp#27;[32mI input valid password&amp#27;[0m                  &amp#27;[90m# starter.stepdefinitions.LoginSteps.inputValidPassword()&amp#27;[0m
23:46:29.925 [Darkroom Processing Line] DEBUG net.serenitybdd.core.photography.DarkroomProcessingLine - Processing screenshot image in /var/screenshots/screenshot-17324656822110976
23:46:29.925 [Darkroom Processing Line] DEBUG net.serenitybdd.core.photography.DarkroomProcessingLine - Saving screenshot to target\site\serenity\71630065863f206acdaf41604e33fe9fdd7cc2fd7d699b3ef90cbf67d16f8cdc.png
23:46:29.937 [main] DEBUG net.thucydides.core.steps.StepInterceptor - STARTING STEP: LoginSteps.clickLoginButton - clickLoginButton
23:46:29.942 [Forwarding findElement on session 290ee28285488abe738699759e3347f0 to remote] DEBUG org.asynchttpclient.netty.request.NettyRequestSender - Using pooled Channel '[id: 0x79a5b980, L:/127.0.0.1:56882 - R:localhost/127.0.0.1:60915]' for 'POST' to 'http://localhost:60915/session/290ee28285488abe738699759e3347f0/element'
23:46:29.942 [Forwarding findElement on session 290ee28285488abe738699759e3347f0 to remote] DEBUG org.asynchttpclient.netty.request.NettyRequestSender - Using open Channel [id: 0x79a5b980, L:/127.0.0.1:56882 - R:localhost/127.0.0.1:60915] for POST '/session/290ee28285488abe738699759e3347f0/element'
23:46:29.950 [AsyncHttpClient-1-2] DEBUG org.asynchttpclient.netty.handler.HttpHandler - 

Request DefaultHttpRequest(decodeResult: success, version: HTTP/1.1)
POST /session/290ee28285488abe738699759e3347f0/element HTTP/1.1
User-Agent: selenium/4.1.2 (java windows)
Content-Length: 155
Content-Type: application/json; charset=utf-8
host: localhost:60915
accept: */*

Response DefaultHttpResponse(decodeResult: success, version: HTTP/1.1)
HTTP/1.1 200 OK
Content-Type: application/json; charset=utf-8
cache-control: no-cache
content-length: 88

23:46:29.950 [AsyncHttpClient-1-2] DEBUG org.asynchttpclient.netty.channel.ChannelManager - Adding key: http://localhost:60915 for channel [id: 0x79a5b980, L:/127.0.0.1:56882 - R:localhost/127.0.0.1:60915]
23:46:29.951 [Forwarding getElementTagName on session 290ee28285488abe738699759e3347f0 to remote] DEBUG org.asynchttpclient.netty.request.NettyRequestSender - Using pooled Channel '[id: 0x79a5b980, L:/127.0.0.1:56882 - R:localhost/127.0.0.1:60915]' for 'GET' to 'http://localhost:60915/session/290ee28285488abe738699759e3347f0/element/356b7827-9221-4768-af8d-6c05872b2c5d/name'
23:46:29.951 [Forwarding getElementTagName on session 290ee28285488abe738699759e3347f0 to remote] DEBUG org.asynchttpclient.netty.request.NettyRequestSender - Using open Channel [id: 0x79a5b980, L:/127.0.0.1:56882 - R:localhost/127.0.0.1:60915] for GET '/session/290ee28285488abe738699759e3347f0/element/356b7827-9221-4768-af8d-6c05872b2c5d/name'
23:46:29.957 [AsyncHttpClient-1-2] DEBUG org.asynchttpclient.netty.handler.HttpHandler - 

Request DefaultFullHttpRequest(decodeResult: success, version: HTTP/1.1, content: EmptyByteBufBE)
GET /session/290ee28285488abe738699759e3347f0/element/356b7827-9221-4768-af8d-6c05872b2c5d/name HTTP/1.1
User-Agent: selenium/4.1.2 (java windows)
Cache-Control: no-cache
Content-Type: application/json; charset=utf-8
host: localhost:60915
accept: */*

Response DefaultHttpResponse(decodeResult: success, version: HTTP/1.1)
HTTP/1.1 200 OK
Content-Type: application/json; charset=utf-8
cache-control: no-cache
content-length: 18

23:46:29.957 [AsyncHttpClient-1-2] DEBUG org.asynchttpclient.netty.channel.ChannelManager - Adding key: http://localhost:60915 for channel [id: 0x79a5b980, L:/127.0.0.1:56882 - R:localhost/127.0.0.1:60915]
23:46:29.958 [Forwarding getElementTagName on session 290ee28285488abe738699759e3347f0 to remote] DEBUG org.asynchttpclient.netty.request.NettyRequestSender - Using pooled Channel '[id: 0x79a5b980, L:/127.0.0.1:56882 - R:localhost/127.0.0.1:60915]' for 'GET' to 'http://localhost:60915/session/290ee28285488abe738699759e3347f0/element/356b7827-9221-4768-af8d-6c05872b2c5d/name'
23:46:29.959 [Forwarding getElementTagName on session 290ee28285488abe738699759e3347f0 to remote] DEBUG org.asynchttpclient.netty.request.NettyRequestSender - Using open Channel [id: 0x79a5b980, L:/127.0.0.1:56882 - R:localhost/127.0.0.1:60915] for GET '/session/290ee28285488abe738699759e3347f0/element/356b7827-9221-4768-af8d-6c05872b2c5d/name'
23:46:29.963 [AsyncHttpClient-1-2] DEBUG org.asynchttpclient.netty.handler.HttpHandler - 

Request DefaultFullHttpRequest(decodeResult: success, version: HTTP/1.1, content: EmptyByteBufBE)
GET /session/290ee28285488abe738699759e3347f0/element/356b7827-9221-4768-af8d-6c05872b2c5d/name HTTP/1.1
User-Agent: selenium/4.1.2 (java windows)
Cache-Control: no-cache
Content-Type: application/json; charset=utf-8
host: localhost:60915
accept: */*

Response DefaultHttpResponse(decodeResult: success, version: HTTP/1.1)
HTTP/1.1 200 OK
Content-Type: application/json; charset=utf-8
cache-control: no-cache
content-length: 18

23:46:29.963 [AsyncHttpClient-1-2] DEBUG org.asynchttpclient.netty.channel.ChannelManager - Adding key: http://localhost:60915 for channel [id: 0x79a5b980, L:/127.0.0.1:56882 - R:localhost/127.0.0.1:60915]
23:46:29.967 [Forwarding isElementEnabled on session 290ee28285488abe738699759e3347f0 to remote] DEBUG org.asynchttpclient.netty.request.NettyRequestSender - Using pooled Channel '[id: 0x79a5b980, L:/127.0.0.1:56882 - R:localhost/127.0.0.1:60915]' for 'GET' to 'http://localhost:60915/session/290ee28285488abe738699759e3347f0/element/356b7827-9221-4768-af8d-6c05872b2c5d/enabled'
23:46:29.967 [Forwarding isElementEnabled on session 290ee28285488abe738699759e3347f0 to remote] DEBUG org.asynchttpclient.netty.request.NettyRequestSender - Using open Channel [id: 0x79a5b980, L:/127.0.0.1:56882 - R:localhost/127.0.0.1:60915] for GET '/session/290ee28285488abe738699759e3347f0/element/356b7827-9221-4768-af8d-6c05872b2c5d/enabled'
23:46:29.973 [AsyncHttpClient-1-2] DEBUG org.asynchttpclient.netty.handler.HttpHandler - 

Request DefaultFullHttpRequest(decodeResult: success, version: HTTP/1.1, content: EmptyByteBufBE)
GET /session/290ee28285488abe738699759e3347f0/element/356b7827-9221-4768-af8d-6c05872b2c5d/enabled HTTP/1.1
User-Agent: selenium/4.1.2 (java windows)
Cache-Control: no-cache
Content-Type: application/json; charset=utf-8
host: localhost:60915
accept: */*

Response DefaultHttpResponse(decodeResult: success, version: HTTP/1.1)
HTTP/1.1 200 OK
Content-Type: application/json; charset=utf-8
cache-control: no-cache
content-length: 14

23:46:29.974 [AsyncHttpClient-1-2] DEBUG org.asynchttpclient.netty.channel.ChannelManager - Adding key: http://localhost:60915 for channel [id: 0x79a5b980, L:/127.0.0.1:56882 - R:localhost/127.0.0.1:60915]
23:46:29.976 [Forwarding isElementEnabled on session 290ee28285488abe738699759e3347f0 to remote] DEBUG org.asynchttpclient.netty.request.NettyRequestSender - Using pooled Channel '[id: 0x79a5b980, L:/127.0.0.1:56882 - R:localhost/127.0.0.1:60915]' for 'GET' to 'http://localhost:60915/session/290ee28285488abe738699759e3347f0/element/356b7827-9221-4768-af8d-6c05872b2c5d/enabled'
23:46:29.976 [Forwarding isElementEnabled on session 290ee28285488abe738699759e3347f0 to remote] DEBUG org.asynchttpclient.netty.request.NettyRequestSender - Using open Channel [id: 0x79a5b980, L:/127.0.0.1:56882 - R:localhost/127.0.0.1:60915] for GET '/session/290ee28285488abe738699759e3347f0/element/356b7827-9221-4768-af8d-6c05872b2c5d/enabled'
23:46:29.979 [AsyncHttpClient-1-2] DEBUG org.asynchttpclient.netty.handler.HttpHandler - 

Request DefaultFullHttpRequest(decodeResult: success, version: HTTP/1.1, content: EmptyByteBufBE)
GET /session/290ee28285488abe738699759e3347f0/element/356b7827-9221-4768-af8d-6c05872b2c5d/enabled HTTP/1.1
User-Agent: selenium/4.1.2 (java windows)
Cache-Control: no-cache
Content-Type: application/json; charset=utf-8
host: localhost:60915
accept: */*

Response DefaultHttpResponse(decodeResult: success, version: HTTP/1.1)
HTTP/1.1 200 OK
Content-Type: application/json; charset=utf-8
cache-control: no-cache
content-length: 14

23:46:29.979 [AsyncHttpClient-1-2] DEBUG org.asynchttpclient.netty.channel.ChannelManager - Adding key: http://localhost:60915 for channel [id: 0x79a5b980, L:/127.0.0.1:56882 - R:localhost/127.0.0.1:60915]
23:46:29.981 [Forwarding findElement on session 290ee28285488abe738699759e3347f0 to remote] DEBUG org.asynchttpclient.netty.request.NettyRequestSender - Using pooled Channel '[id: 0x79a5b980, L:/127.0.0.1:56882 - R:localhost/127.0.0.1:60915]' for 'POST' to 'http://localhost:60915/session/290ee28285488abe738699759e3347f0/element'
23:46:29.982 [Forwarding findElement on session 290ee28285488abe738699759e3347f0 to remote] DEBUG org.asynchttpclient.netty.request.NettyRequestSender - Using open Channel [id: 0x79a5b980, L:/127.0.0.1:56882 - R:localhost/127.0.0.1:60915] for POST '/session/290ee28285488abe738699759e3347f0/element'
23:46:29.986 [AsyncHttpClient-1-2] DEBUG org.asynchttpclient.netty.handler.HttpHandler - 

Request DefaultHttpRequest(decodeResult: success, version: HTTP/1.1)
POST /session/290ee28285488abe738699759e3347f0/element HTTP/1.1
User-Agent: selenium/4.1.2 (java windows)
Content-Length: 155
Content-Type: application/json; charset=utf-8
host: localhost:60915
accept: */*

Response DefaultHttpResponse(decodeResult: success, version: HTTP/1.1)
HTTP/1.1 200 OK
Content-Type: application/json; charset=utf-8
cache-control: no-cache
content-length: 88

23:46:29.987 [AsyncHttpClient-1-2] DEBUG org.asynchttpclient.netty.channel.ChannelManager - Adding key: http://localhost:60915 for channel [id: 0x79a5b980, L:/127.0.0.1:56882 - R:localhost/127.0.0.1:60915]
23:46:29.989 [Forwarding clickElement on session 290ee28285488abe738699759e3347f0 to remote] DEBUG org.asynchttpclient.netty.request.NettyRequestSender - Using pooled Channel '[id: 0x79a5b980, L:/127.0.0.1:56882 - R:localhost/127.0.0.1:60915]' for 'POST' to 'http://localhost:60915/session/290ee28285488abe738699759e3347f0/element/356b7827-9221-4768-af8d-6c05872b2c5d/click'
23:46:29.989 [Forwarding clickElement on session 290ee28285488abe738699759e3347f0 to remote] DEBUG org.asynchttpclient.netty.request.NettyRequestSender - Using open Channel [id: 0x79a5b980, L:/127.0.0.1:56882 - R:localhost/127.0.0.1:60915] for POST '/session/290ee28285488abe738699759e3347f0/element/356b7827-9221-4768-af8d-6c05872b2c5d/click'
23:46:30.018 [AsyncHttpClient-1-2] DEBUG org.asynchttpclient.netty.handler.HttpHandler - 

Request DefaultHttpRequest(decodeResult: success, version: HTTP/1.1)
POST /session/290ee28285488abe738699759e3347f0/element/356b7827-9221-4768-af8d-6c05872b2c5d/click HTTP/1.1
User-Agent: selenium/4.1.2 (java windows)
Content-Length: 50
Content-Type: application/json; charset=utf-8
host: localhost:60915
accept: */*

Response DefaultHttpResponse(decodeResult: success, version: HTTP/1.1)
HTTP/1.1 200 OK
Content-Type: application/json; charset=utf-8
cache-control: no-cache
content-length: 14

23:46:30.018 [AsyncHttpClient-1-2] DEBUG org.asynchttpclient.netty.channel.ChannelManager - Adding key: http://localhost:60915 for channel [id: 0x79a5b980, L:/127.0.0.1:56882 - R:localhost/127.0.0.1:60915]
23:46:30.023 [Forwarding screenshot on session 290ee28285488abe738699759e3347f0 to remote] DEBUG org.asynchttpclient.netty.request.NettyRequestSender - Using pooled Channel '[id: 0x79a5b980, L:/127.0.0.1:56882 - R:localhost/127.0.0.1:60915]' for 'GET' to 'http://localhost:60915/session/290ee28285488abe738699759e3347f0/screenshot'
23:46:30.023 [Forwarding screenshot on session 290ee28285488abe738699759e3347f0 to remote] DEBUG org.asynchttpclient.netty.request.NettyRequestSender - Using open Channel [id: 0x79a5b980, L:/127.0.0.1:56882 - R:localhost/127.0.0.1:60915] for GET '/session/290ee28285488abe738699759e3347f0/screenshot'
23:46:30.123 [AsyncHttpClient-1-2] DEBUG org.asynchttpclient.netty.handler.HttpHandler - 

Request DefaultFullHttpRequest(decodeResult: success, version: HTTP/1.1, content: EmptyByteBufBE)
GET /session/290ee28285488abe738699759e3347f0/screenshot HTTP/1.1
User-Agent: selenium/4.1.2 (java windows)
Cache-Control: no-cache
Content-Type: application/json; charset=utf-8
host: localhost:60915
accept: */*

Response DefaultHttpResponse(decodeResult: success, version: HTTP/1.1)
HTTP/1.1 200 OK
Content-Type: application/json; charset=utf-8
cache-control: no-cache
content-length: 40072

23:46:30.123 [AsyncHttpClient-1-2] DEBUG org.asynchttpclient.netty.channel.ChannelManager - Adding key: http://localhost:60915 for channel [id: 0x79a5b980, L:/127.0.0.1:56882 - R:localhost/127.0.0.1:60915]
23:46:30.125 [main] DEBUG net.serenitybdd.core.photography.Darkroom - Send negative for processing for target\site\serenity\f9045af3d61419a51186ce89b8f39b1e26784191f221cd60fb5ab1fdd3f7745b.png
23:46:30.125 [main] DEBUG net.thucydides.core.steps.StepInterceptor - STEP DONE: clickLoginButton
  &amp#27;[32mAnd &amp#27;[0m&amp#27;[32mI click on login button&amp#27;[0m                 &amp#27;[90m# starter.stepdefinitions.LoginSteps.clickLoginButton()&amp#27;[0m
23:46:30.125 [Darkroom Processing Line] DEBUG net.serenitybdd.core.photography.DarkroomProcessingLine - Processing screenshot image in /var/screenshots/screenshot-16082741750585942072
23:46:30.125 [Darkroom Processing Line] DEBUG net.serenitybdd.core.photography.DarkroomProcessingLine - Saving screenshot to target\site\serenity\f9045af3d61419a51186ce89b8f39b1e26784191f221cd60fb5ab1fdd3f7745b.png
23:46:30.140 [main] DEBUG net.thucydides.core.steps.StepInterceptor - STARTING STEP: LoginSteps.onTheHomePage - validateOnHomePage
23:46:30.142 [Forwarding findElement on session 290ee28285488abe738699759e3347f0 to remote] DEBUG org.asynchttpclient.netty.request.NettyRequestSender - Using pooled Channel '[id: 0x79a5b980, L:/127.0.0.1:56882 - R:localhost/127.0.0.1:60915]' for 'POST' to 'http://localhost:60915/session/290ee28285488abe738699759e3347f0/element'
23:46:30.142 [Forwarding findElement on session 290ee28285488abe738699759e3347f0 to remote] DEBUG org.asynchttpclient.netty.request.NettyRequestSender - Using open Channel [id: 0x79a5b980, L:/127.0.0.1:56882 - R:localhost/127.0.0.1:60915] for POST '/session/290ee28285488abe738699759e3347f0/element'
23:46:30.865 [AsyncHttpClient-1-1] DEBUG org.asynchttpclient.netty.channel.DefaultChannelPool - Entry count for : http://localhost:56883 : 1
23:46:31.967 [AsyncHttpClient-1-1] DEBUG org.asynchttpclient.netty.channel.DefaultChannelPool - Entry count for : http://localhost:56883 : 1
23:46:32.149 [AsyncHttpClient-1-2] DEBUG org.asynchttpclient.netty.handler.HttpHandler - 

Request DefaultHttpRequest(decodeResult: success, version: HTTP/1.1)
POST /session/290ee28285488abe738699759e3347f0/element HTTP/1.1
User-Agent: selenium/4.1.2 (java windows)
Content-Length: 140
Content-Type: application/json; charset=utf-8
host: localhost:60915
accept: */*

Response DefaultHttpResponse(decodeResult: success, version: HTTP/1.1)
HTTP/1.1 200 OK
Content-Type: application/json; charset=utf-8
cache-control: no-cache
content-length: 88

23:46:32.149 [AsyncHttpClient-1-2] DEBUG org.asynchttpclient.netty.channel.ChannelManager - Adding key: http://localhost:60915 for channel [id: 0x79a5b980, L:/127.0.0.1:56882 - R:localhost/127.0.0.1:60915]
23:46:32.152 [Forwarding isElementDisplayed on session 290ee28285488abe738699759e3347f0 to remote] DEBUG org.asynchttpclient.netty.request.NettyRequestSender - Using pooled Channel '[id: 0x79a5b980, L:/127.0.0.1:56882 - R:localhost/127.0.0.1:60915]' for 'POST' to 'http://localhost:60915/session/290ee28285488abe738699759e3347f0/execute/sync'
23:46:32.152 [Forwarding isElementDisplayed on session 290ee28285488abe738699759e3347f0 to remote] DEBUG org.asynchttpclient.netty.request.NettyRequestSender - Using open Channel [id: 0x79a5b980, L:/127.0.0.1:56882 - R:localhost/127.0.0.1:60915] for POST '/session/290ee28285488abe738699759e3347f0/execute/sync'
23:46:32.163 [AsyncHttpClient-1-2] DEBUG org.asynchttpclient.netty.handler.HttpHandler - 

Request DefaultHttpRequest(decodeResult: success, version: HTTP/1.1)
POST /session/290ee28285488abe738699759e3347f0/execute/sync HTTP/1.1
User-Agent: selenium/4.1.2 (java windows)
Content-Length: 48780
Content-Type: application/json; charset=utf-8
host: localhost:60915
accept: */*

Response DefaultHttpResponse(decodeResult: success, version: HTTP/1.1)
HTTP/1.1 200 OK
Content-Type: application/json; charset=utf-8
cache-control: no-cache
content-length: 14

23:46:32.163 [AsyncHttpClient-1-2] DEBUG org.asynchttpclient.netty.channel.ChannelManager - Adding key: http://localhost:60915 for channel [id: 0x79a5b980, L:/127.0.0.1:56882 - R:localhost/127.0.0.1:60915]
23:46:32.168 [Forwarding screenshot on session 290ee28285488abe738699759e3347f0 to remote] DEBUG org.asynchttpclient.netty.request.NettyRequestSender - Using pooled Channel '[id: 0x79a5b980, L:/127.0.0.1:56882 - R:localhost/127.0.0.1:60915]' for 'GET' to 'http://localhost:60915/session/290ee28285488abe738699759e3347f0/screenshot'
23:46:32.168 [Forwarding screenshot on session 290ee28285488abe738699759e3347f0 to remote] DEBUG org.asynchttpclient.netty.request.NettyRequestSender - Using open Channel [id: 0x79a5b980, L:/127.0.0.1:56882 - R:localhost/127.0.0.1:60915] for GET '/session/290ee28285488abe738699759e3347f0/screenshot'
23:46:32.265 [AsyncHttpClient-1-2] DEBUG org.asynchttpclient.netty.handler.HttpHandler - 

Request DefaultFullHttpRequest(decodeResult: success, version: HTTP/1.1, content: EmptyByteBufBE)
GET /session/290ee28285488abe738699759e3347f0/screenshot HTTP/1.1
User-Agent: selenium/4.1.2 (java windows)
Cache-Control: no-cache
Content-Type: application/json; charset=utf-8
host: localhost:60915
accept: */*

Response DefaultHttpResponse(decodeResult: success, version: HTTP/1.1)
HTTP/1.1 200 OK
Content-Type: application/json; charset=utf-8
cache-control: no-cache
content-length: 84928

23:46:32.266 [AsyncHttpClient-1-2] DEBUG org.asynchttpclient.netty.channel.ChannelManager - Adding key: http://localhost:60915 for channel [id: 0x79a5b980, L:/127.0.0.1:56882 - R:localhost/127.0.0.1:60915]
23:46:32.268 [main] DEBUG net.serenitybdd.core.photography.Darkroom - Send negative for processing for target\site\serenity\7c16a86b21e89cafed22abd81a069266226d64a8a7e23bcbc4a2da729a647f33.png
23:46:32.268 [main] DEBUG net.thucydides.core.steps.StepInterceptor - STEP DONE: validateOnHomePage
  &amp#27;[32mThen &amp#27;[0m&amp#27;[32mI am on the home page&amp#27;[0m                  &amp#27;[90m# starter.stepdefinitions.LoginSteps.onTheHomePage()&amp#27;[0m
23:46:32.269 [Darkroom Processing Line] DEBUG net.serenitybdd.core.photography.DarkroomProcessingLine - Processing screenshot image in /var/screenshots/screenshot-5392790612219220883
23:46:32.269 [Darkroom Processing Line] DEBUG net.serenitybdd.core.photography.DarkroomProcessingLine - Saving screenshot to target\site\serenity\7c16a86b21e89cafed22abd81a069266226d64a8a7e23bcbc4a2da729a647f33.png
23:46:32.276 [main] INFO  - 
  _____   ___   ___   _____     ___     _     ___   ___   ___   ___  
 |_   _| | __| / __| |_   _|   | _ \   /_\   / __| / __| | __| |   \ 
   | |   | _|  \__ \   | |     |  _/  / _ \  \__ \ \__ \ | _|  | |) |
   |_|   |___| |___/   |_|     |_|   /_/ \_\ |___/ |___/ |___| |___/ 

Login with valid email and password
----------------------------------------------------------------------
23:46:32.360 [Driver Command Executor] DEBUG org.asynchttpclient.netty.request.NettyRequestSender - Using pooled Channel '[id: 0x79a5b980, L:/127.0.0.1:56882 - R:localhost/127.0.0.1:60915]' for 'DELETE' to 'http://localhost:60915/session/290ee28285488abe738699759e3347f0'
23:46:32.361 [Driver Command Executor] DEBUG org.asynchttpclient.netty.request.NettyRequestSender - Using open Channel [id: 0x79a5b980, L:/127.0.0.1:56882 - R:localhost/127.0.0.1:60915] for DELETE '/session/290ee28285488abe738699759e3347f0'
23:46:32.362 [AsyncHttpClient-1-4] DEBUG org.asynchttpclient.netty.handler.WebSocketHandler - Channel Closed: [id: 0x0337441f, L:/127.0.0.1:56890 ! R:localhost/127.0.0.1:56883] with attribute NettyResponseFuture{currentRetry=5,
	isDone=1,
	isCancelled=0,
	asyncHandler=org.asynchttpclient.ws.WebSocketUpgradeHandler@305d4cfb,
	nettyRequest=org.asynchttpclient.netty.request.NettyRequest@26953410,
	future=java.util.concurrent.CompletableFuture@3612f270[Completed normally],
	uri=ws://localhost:56883/devtools/browser/851694e9-ead3-4189-aef2-0b9f7d45a1b0,
	keepAlive=true,
	redirectCount=0,
	timeoutsHolder=null,
	inAuth=0,
	touch=1652546787162}
23:46:32.362 [AsyncHttpClient-1-4] DEBUG org.asynchttpclient.netty.channel.ChannelManager - Closing Channel [id: 0x0337441f, L:/127.0.0.1:56890 ! R:localhost/127.0.0.1:56883] 
23:46:32.392 [AsyncHttpClient-1-3] DEBUG org.asynchttpclient.netty.handler.HttpHandler - Unexpected I/O exception on channel [id: 0xce1d0613, L:/127.0.0.1:56889 - R:localhost/127.0.0.1:56883]
java.io.IOException: An existing connection was forcibly closed by the remote host
	at java.base/sun.nio.ch.SocketDispatcher.read0(Native Method)
	at java.base/sun.nio.ch.SocketDispatcher.read(SocketDispatcher.java:43)
	at java.base/sun.nio.ch.IOUtil.readIntoNativeBuffer(IOUtil.java:276)
	at java.base/sun.nio.ch.IOUtil.read(IOUtil.java:233)
	at java.base/sun.nio.ch.IOUtil.read(IOUtil.java:223)
	at java.base/sun.nio.ch.SocketChannelImpl.read(SocketChannelImpl.java:358)
	at io.netty.buffer.PooledByteBuf.setBytes(PooledByteBuf.java:258)
	at io.netty.buffer.AbstractByteBuf.writeBytes(AbstractByteBuf.java:1132)
	at io.netty.channel.socket.nio.NioSocketChannel.doReadBytes(NioSocketChannel.java:350)
	at io.netty.channel.nio.AbstractNioByteChannel$NioByteUnsafe.read(AbstractNioByteChannel.java:151)
	at io.netty.channel.nio.NioEventLoop.processSelectedKey(NioEventLoop.java:722)
	at io.netty.channel.nio.NioEventLoop.processSelectedKeysOptimized(NioEventLoop.java:658)
	at io.netty.channel.nio.NioEventLoop.processSelectedKeys(NioEventLoop.java:584)
	at io.netty.channel.nio.NioEventLoop.run(NioEventLoop.java:496)
	at io.netty.util.concurrent.SingleThreadEventExecutor$4.run(SingleThreadEventExecutor.java:986)
	at io.netty.util.internal.ThreadExecutorMap$2.run(ThreadExecutorMap.java:74)
	at io.netty.util.concurrent.FastThreadLocalRunnable.run(FastThreadLocalRunnable.java:30)
	at java.base/java.lang.Thread.run(Thread.java:834)
23:46:32.392 [AsyncHttpClient-1-3] DEBUG org.asynchttpclient.netty.channel.ChannelManager - Closing Channel [id: 0xce1d0613, L:/127.0.0.1:56889 - R:localhost/127.0.0.1:56883] 
23:46:32.393 [AsyncHttpClient-1-3] DEBUG org.asynchttpclient.netty.handler.HttpHandler - Channel Closed: [id: 0xce1d0613, L:/127.0.0.1:56889 ! R:localhost/127.0.0.1:56883] with attribute DISCARD
23:46:32.401 [AsyncHttpClient-1-2] DEBUG org.asynchttpclient.netty.handler.HttpHandler - 

Request DefaultFullHttpRequest(decodeResult: success, version: HTTP/1.1, content: EmptyByteBufBE)
DELETE /session/290ee28285488abe738699759e3347f0 HTTP/1.1
User-Agent: selenium/4.1.2 (java windows)
Content-Type: application/json; charset=utf-8
host: localhost:60915
accept: */*

Response DefaultHttpResponse(decodeResult: success, version: HTTP/1.1)
HTTP/1.1 200 OK
Content-Type: application/json; charset=utf-8
cache-control: no-cache
content-length: 14

23:46:32.401 [AsyncHttpClient-1-2] DEBUG org.asynchttpclient.netty.channel.ChannelManager - Adding key: http://localhost:60915 for channel [id: 0x79a5b980, L:/127.0.0.1:56882 - R:localhost/127.0.0.1:60915]
23:46:32.469 [AsyncHttpClient-1-2] DEBUG org.asynchttpclient.netty.handler.HttpHandler - Channel Closed: [id: 0x79a5b980, L:/127.0.0.1:56882 ! R:localhost/127.0.0.1:60915] with attribute DISCARD
]]></system-out>
    <system-err><![CDATA[Starting ChromeDriver 101.0.4951.41 (93c720db8323b3ec10d056025ab95c23a31997c9-refs/branch-heads/4951@{#904}) on port 60915
Only local connections are allowed.
Please see https://chromedriver.chromium.org/security-considerations for suggestions on keeping ChromeDriver safe.
ChromeDriver was started successfully.
May 14, 2022 11:46:27 PM org.openqa.selenium.remote.ProtocolHandshake createSession
INFO: Detected dialect: W3C
May 14, 2022 11:46:27 PM org.openqa.selenium.devtools.CdpVersionFinder findNearestMatch
WARNING: Unable to find an exact match for CDP version 101, so returning the closest version found: 97
May 14, 2022 11:46:27 PM org.openqa.selenium.devtools.CdpVersionFinder findNearestMatch
INFO: Found CDP implementation for version 101 of 97
]]></system-err>
  </testcase>
  <testcase name="Logout an account" classname="Logout" time="6.942">
    <system-out><![CDATA[23:46:32.997 [main] INFO io.cucumber.core.plugin.SerenityReporter - Running feature from file:///D:/Intern/MSIB%20Alterra/alterra-mini-project/Serenity%20UI%20Test/src/test/resources/features/Logout.feature
23:46:33.000 [main] DEBUG net.thucydides.core.steps.StepEventBus - Test suite started for story net.thucydides.core.model.Story@7960de68
23:46:33.000 [main] INFO  - Test Suite Started: Logout

Scenario: Logout an account               &amp#27;[90m# src/test/resources/features/Logout.feature:3&amp#27;[0m
23:46:33.025 [main] INFO io.cucumber.core.plugin.SerenityReporter - Running feature from file:///D:/Intern/MSIB%20Alterra/alterra-mini-project/Serenity%20UI%20Test/src/test/resources/features/Logout.feature
23:46:33.054 [main] INFO  - 
  _____   ___   ___   _____     ___   _____     _     ___   _____   ___   ___  
 |_   _| | __| / __| |_   _|   / __| |_   _|   /_\   | _ \ |_   _| | __| |   \ 
   | |   | _|  \__ \   | |     \__ \   | |    / _ \  |   /   | |   | _|  | |) |
   |_|   |___| |___/   |_|     |___/   |_|   /_/ \_\ |_|_\   |_|   |___| |___/ 

Logout an account(logout;logout-an-account)
--------------------------------------------------------------------------------
23:46:33.075 [AsyncHttpClient-1-1] DEBUG org.asynchttpclient.netty.channel.DefaultChannelPool - Entry count for : http://localhost:60915 : 1
23:46:33.075 [AsyncHttpClient-1-1] DEBUG org.asynchttpclient.netty.channel.DefaultChannelPool - Entry count for : http://localhost:56883 : 1
23:46:33.075 [AsyncHttpClient-1-1] DEBUG org.asynchttpclient.netty.channel.DefaultChannelPool - Adding Candidate expired Channel [id: 0x79a5b980, L:/127.0.0.1:56882 ! R:localhost/127.0.0.1:60915] isIdleTimeoutExpired=false isRemotelyClosed=true isTtlExpired=false
23:46:33.075 [AsyncHttpClient-1-1] DEBUG org.asynchttpclient.netty.channel.DefaultChannelPool - Closing Idle Channel [id: 0x79a5b980, L:/127.0.0.1:56882 ! R:localhost/127.0.0.1:60915]
23:46:33.075 [AsyncHttpClient-1-1] DEBUG org.asynchttpclient.netty.channel.DefaultChannelPool - Adding Candidate expired Channel [id: 0xce1d0613, L:/127.0.0.1:56889 ! R:localhost/127.0.0.1:56883] isIdleTimeoutExpired=false isRemotelyClosed=true isTtlExpired=false
23:46:33.075 [AsyncHttpClient-1-1] DEBUG org.asynchttpclient.netty.channel.DefaultChannelPool - Closing Idle Channel [id: 0xce1d0613, L:/127.0.0.1:56889 ! R:localhost/127.0.0.1:56883]
23:46:33.076 [AsyncHttpClient-1-1] DEBUG org.asynchttpclient.netty.channel.DefaultChannelPool - Closed 2 connections out of 2 in 1 ms
23:46:33.261 [main] DEBUG net.thucydides.core.steps.StepInterceptor - STARTING STEP: LogoutSteps.onTheLoginPage - loginPage
23:46:33.267 [main] INFO net.serenitybdd.core.webdriver.driverproviders.ChromeDriverProvider - Using automatically driver download
23:46:33.401 [main] DEBUG io.github.bonigarcia.wdm.cache.ResolutionCache - Resolution chrome=101 in cache (valid until 00:15:28 15/05/2022 ICT)
23:46:33.405 [main] DEBUG io.github.bonigarcia.wdm.cache.ResolutionCache - Resolution chrome101=101.0.4951.41 in cache (valid until 14:15:13 15/05/2022 ICT)
23:46:33.407 [main] INFO io.github.bonigarcia.wdm.WebDriverManager - Using chromedriver 101.0.4951.41 (resolved driver for Chrome 101)
23:46:33.422 [main] DEBUG io.github.bonigarcia.wdm.WebDriverManager - Driver chromedriver 101.0.4951.41 found in cache
23:46:33.422 [main] INFO io.github.bonigarcia.wdm.WebDriverManager - Exporting webdriver.chrome.driver as C:\Users\saral\.cache\selenium\chromedriver\win32\101.0.4951.41\chromedriver.exe
23:46:33.497 [main] DEBUG net.serenitybdd.core.webdriver.driverproviders.ProvideNewDriver - Instantiating driver
23:46:33.498 [main] DEBUG net.serenitybdd.core.webdriver.driverproviders.ProvideNewDriver - Driver capabilities: Capabilities {acceptInsecureCerts: false, base.url: https://qa.alta.id/, browserName: chrome, chrome.driver: src/main/resources/webdrive..., driver: chrome, goog:chromeOptions: {args: [], extensions: []}}
23:46:34.038 [AsyncHttpClient-1-5] DEBUG org.asynchttpclient.netty.channel.NettyConnectListener - Using new Channel '[id: 0x49ba2811, L:/127.0.0.1:56917 - R:localhost/127.0.0.1:64986]' for 'POST' to '/session'
23:46:34.535 [AsyncHttpClient-1-5] DEBUG org.asynchttpclient.netty.handler.HttpHandler - 

Request DefaultHttpRequest(decodeResult: success, version: HTTP/1.1)
POST /session HTTP/1.1
User-Agent: selenium/4.1.2 (java windows)
Content-Length: 605
Content-Type: application/json; charset=utf-8
host: localhost:64986
accept: */*

Response DefaultHttpResponse(decodeResult: success, version: HTTP/1.1)
HTTP/1.1 200 OK
Content-Type: application/json; charset=utf-8
cache-control: no-cache
content-length: 789

23:46:34.535 [AsyncHttpClient-1-5] DEBUG org.asynchttpclient.netty.channel.ChannelManager - Adding key: http://localhost:64986 for channel [id: 0x49ba2811, L:/127.0.0.1:56917 - R:localhost/127.0.0.1:64986]
23:46:34.541 [AsyncHttpClient-1-6] DEBUG org.asynchttpclient.netty.channel.NettyConnectListener - Using new Channel '[id: 0x18954772, L:/127.0.0.1:56924 - R:localhost/127.0.0.1:56918]' for 'GET' to '/json/version'
23:46:34.544 [AsyncHttpClient-1-6] DEBUG org.asynchttpclient.netty.handler.HttpHandler - 

Request DefaultFullHttpRequest(decodeResult: success, version: HTTP/1.1, content: EmptyByteBufBE)
GET /json/version HTTP/1.1
User-Agent: selenium/4.1.2 (java windows)
host: localhost:56918
accept: */*

Response DefaultHttpResponse(decodeResult: success, version: HTTP/1.1)
HTTP/1.1 200 OK
Content-Type: application/json; charset=UTF-8
content-length: 427

23:46:34.544 [AsyncHttpClient-1-6] DEBUG org.asynchttpclient.netty.channel.ChannelManager - Adding key: http://localhost:56918 for channel [id: 0x18954772, L:/127.0.0.1:56924 - R:localhost/127.0.0.1:56918]
23:46:34.547 [AsyncHttpClient-1-7] DEBUG org.asynchttpclient.netty.channel.NettyConnectListener - Using new Channel '[id: 0x30ccc717, L:/127.0.0.1:56925 - R:localhost/127.0.0.1:56918]' for 'GET' to '/devtools/browser/a2925b97-6679-4cd1-92e9-72c9ca20b27f'
23:46:34.550 [AsyncHttpClient-1-7] DEBUG org.asynchttpclient.netty.handler.WebSocketHandler - 

Request DefaultFullHttpRequest(decodeResult: success, version: HTTP/1.1, content: EmptyByteBufBE)
GET /devtools/browser/a2925b97-6679-4cd1-92e9-72c9ca20b27f HTTP/1.1
upgrade: websocket
connection: upgrade
sec-websocket-key: Llzbw66JhZiamFoVZPt3uA==
sec-websocket-version: 13
origin: http://localhost:56918
host: localhost:56918
accept: */*
user-agent: AHC/2.1

Response DefaultHttpResponse(decodeResult: success, version: HTTP/1.1)
HTTP/1.1 101 WebSocket Protocol Handshake
Upgrade: WebSocket
Connection: Upgrade
Sec-WebSocket-Accept: qc/aaU7BeZesInKCbRq00+76LUA=

23:46:34.554 [Forwarding get on session 6e70812f18edffeb1ed81bb960988b43 to remote] DEBUG org.asynchttpclient.netty.request.NettyRequestSender - Using pooled Channel '[id: 0x49ba2811, L:/127.0.0.1:56917 - R:localhost/127.0.0.1:64986]' for 'POST' to 'http://localhost:64986/session/6e70812f18edffeb1ed81bb960988b43/url'
23:46:34.554 [Forwarding get on session 6e70812f18edffeb1ed81bb960988b43 to remote] DEBUG org.asynchttpclient.netty.request.NettyRequestSender - Using open Channel [id: 0x49ba2811, L:/127.0.0.1:56917 - R:localhost/127.0.0.1:64986] for POST '/session/6e70812f18edffeb1ed81bb960988b43/url'
23:46:35.265 [AsyncHttpClient-1-1] DEBUG org.asynchttpclient.netty.channel.DefaultChannelPool - Entry count for : http://localhost:56918 : 1
23:46:35.677 [AsyncHttpClient-1-5] DEBUG org.asynchttpclient.netty.handler.HttpHandler - 

Request DefaultHttpRequest(decodeResult: success, version: HTTP/1.1)
POST /session/6e70812f18edffeb1ed81bb960988b43/url HTTP/1.1
User-Agent: selenium/4.1.2 (java windows)
Content-Length: 64
Content-Type: application/json; charset=utf-8
host: localhost:64986
accept: */*

Response DefaultHttpResponse(decodeResult: success, version: HTTP/1.1)
HTTP/1.1 200 OK
[...]

Request DefaultFullHttpRequest(decodeResult: success, version: HTTP/1.1, content: EmptyByteBufBE)
GET /session/3ad9071cd849908e3839a777fdf57126/element/bdda5481-10c0-47f5-970c-546889461ac3/name HTTP/1.1
User-Agent: selenium/4.1.2 (java windows)
Cache-Control: no-cache
Content-Type: application/json; charset=utf-8
host: localhost:58375
accept: */*

Response DefaultHttpResponse(decodeResult: success, version: HTTP/1.1)
HTTP/1.1 200 OK
Content-Type: application/json; charset=utf-8
cache-control: no-cache
content-length: 18

23:46:46.061 [AsyncHttpClient-1-8] DEBUG org.asynchttpclient.netty.channel.ChannelManager - Adding key: http://localhost:58375 for channel [id: 0xebc6d903, L:/127.0.0.1:56950 - R:localhost/127.0.0.1:58375]
23:46:46.062 [Forwarding isElementEnabled on session 3ad9071cd849908e3839a777fdf57126 to remote] DEBUG org.asynchttpclient.netty.request.NettyRequestSender - Using pooled Channel '[id: 0xebc6d903, L:/127.0.0.1:56950 - R:localhost/127.0.0.1:58375]' for 'GET' to 'http://localhost:58375/session/3ad9071cd849908e3839a777fdf57126/element/bdda5481-10c0-47f5-970c-546889461ac3/enabled'
23:46:46.063 [Forwarding isElementEnabled on session 3ad9071cd849908e3839a777fdf57126 to remote] DEBUG org.asynchttpclient.netty.request.NettyRequestSender - Using open Channel [id: 0xebc6d903, L:/127.0.0.1:56950 - R:localhost/127.0.0.1:58375] for GET '/session/3ad9071cd849908e3839a777fdf57126/element/bdda5481-10c0-47f5-970c-546889461ac3/enabled'
23:46:46.067 [AsyncHttpClient-1-8] DEBUG org.asynchttpclient.netty.handler.HttpHandler - 

Request DefaultFullHttpRequest(decodeResult: success, version: HTTP/1.1, content: EmptyByteBufBE)
GET /session/3ad9071cd849908e3839a777fdf57126/element/bdda5481-10c0-47f5-970c-546889461ac3/enabled HTTP/1.1
User-Agent: selenium/4.1.2 (java windows)
Cache-Control: no-cache
Content-Type: application/json; charset=utf-8
host: localhost:58375
accept: */*

Response DefaultHttpResponse(decodeResult: success, version: HTTP/1.1)
HTTP/1.1 200 OK
Content-Type: application/json; charset=utf-8
cache-control: no-cache
content-length: 14

23:46:46.067 [AsyncHttpClient-1-8] DEBUG org.asynchttpclient.netty.channel.ChannelManager - Adding key: http://localhost:58375 for channel [id: 0xebc6d903, L:/127.0.0.1:56950 - R:localhost/127.0.0.1:58375]
23:46:46.068 [Forwarding isElementEnabled on session 3ad9071cd849908e3839a777fdf57126 to remote] DEBUG org.asynchttpclient.netty.request.NettyRequestSender - Using pooled Channel '[id: 0xebc6d903, L:/127.0.0.1:56950 - R:localhost/127.0.0.1:58375]' for 'GET' to 'http://localhost:58375/session/3ad9071cd849908e3839a777fdf57126/element/bdda5481-10c0-47f5-970c-546889461ac3/enabled'
23:46:46.068 [Forwarding isElementEnabled on session 3ad9071cd849908e3839a777fdf57126 to remote] DEBUG org.asynchttpclient.netty.request.NettyRequestSender - Using open Channel [id: 0xebc6d903, L:/127.0.0.1:56950 - R:localhost/127.0.0.1:58375] for GET '/session/3ad9071cd849908e3839a777fdf57126/element/bdda5481-10c0-47f5-970c-546889461ac3/enabled'
23:46:46.072 [AsyncHttpClient-1-8] DEBUG org.asynchttpclient.netty.handler.HttpHandler - 

Request DefaultFullHttpRequest(decodeResult: success, version: HTTP/1.1, content: EmptyByteBufBE)
GET /session/3ad9071cd849908e3839a777fdf57126/element/bdda5481-10c0-47f5-970c-546889461ac3/enabled HTTP/1.1
User-Agent: selenium/4.1.2 (java windows)
Cache-Control: no-cache
Content-Type: application/json; charset=utf-8
host: localhost:58375
accept: */*

Response DefaultHttpResponse(decodeResult: success, version: HTTP/1.1)
HTTP/1.1 200 OK
Content-Type: application/json; charset=utf-8
cache-control: no-cache
content-length: 14

23:46:46.072 [AsyncHttpClient-1-8] DEBUG org.asynchttpclient.netty.channel.ChannelManager - Adding key: http://localhost:58375 for channel [id: 0xebc6d903, L:/127.0.0.1:56950 - R:localhost/127.0.0.1:58375]
23:46:46.074 [Forwarding findElement on session 3ad9071cd849908e3839a777fdf57126 to remote] DEBUG org.asynchttpclient.netty.request.NettyRequestSender - Using pooled Channel '[id: 0xebc6d903, L:/127.0.0.1:56950 - R:localhost/127.0.0.1:58375]' for 'POST' to 'http://localhost:58375/session/3ad9071cd849908e3839a777fdf57126/element'
23:46:46.074 [Forwarding findElement on session 3ad9071cd849908e3839a777fdf57126 to remote] DEBUG org.asynchttpclient.netty.request.NettyRequestSender - Using open Channel [id: 0xebc6d903, L:/127.0.0.1:56950 - R:localhost/127.0.0.1:58375] for POST '/session/3ad9071cd849908e3839a777fdf57126/element'
23:46:46.077 [AsyncHttpClient-1-8] DEBUG org.asynchttpclient.netty.handler.HttpHandler - 

Request DefaultHttpRequest(decodeResult: success, version: HTTP/1.1)
POST /session/3ad9071cd849908e3839a777fdf57126/element HTTP/1.1
User-Agent: selenium/4.1.2 (java windows)
Content-Length: 160
Content-Type: application/json; charset=utf-8
host: localhost:58375
accept: */*

Response DefaultHttpResponse(decodeResult: success, version: HTTP/1.1)
HTTP/1.1 200 OK
Content-Type: application/json; charset=utf-8
cache-control: no-cache
content-length: 88

23:46:46.078 [AsyncHttpClient-1-8] DEBUG org.asynchttpclient.netty.channel.ChannelManager - Adding key: http://localhost:58375 for channel [id: 0xebc6d903, L:/127.0.0.1:56950 - R:localhost/127.0.0.1:58375]
23:46:46.078 [Forwarding clickElement on session 3ad9071cd849908e3839a777fdf57126 to remote] DEBUG org.asynchttpclient.netty.request.NettyRequestSender - Using pooled Channel '[id: 0xebc6d903, L:/127.0.0.1:56950 - R:localhost/127.0.0.1:58375]' for 'POST' to 'http://localhost:58375/session/3ad9071cd849908e3839a777fdf57126/element/bdda5481-10c0-47f5-970c-546889461ac3/click'
23:46:46.078 [Forwarding clickElement on session 3ad9071cd849908e3839a777fdf57126 to remote] DEBUG org.asynchttpclient.netty.request.NettyRequestSender - Using open Channel [id: 0xebc6d903, L:/127.0.0.1:56950 - R:localhost/127.0.0.1:58375] for POST '/session/3ad9071cd849908e3839a777fdf57126/element/bdda5481-10c0-47f5-970c-546889461ac3/click'
23:46:46.099 [AsyncHttpClient-1-8] DEBUG org.asynchttpclient.netty.handler.HttpHandler - 

Request DefaultHttpRequest(decodeResult: success, version: HTTP/1.1)
POST /session/3ad9071cd849908e3839a777fdf57126/element/bdda5481-10c0-47f5-970c-546889461ac3/click HTTP/1.1
User-Agent: selenium/4.1.2 (java windows)
Content-Length: 50
Content-Type: application/json; charset=utf-8
host: localhost:58375
accept: */*

Response DefaultHttpResponse(decodeResult: success, version: HTTP/1.1)
HTTP/1.1 200 OK
Content-Type: application/json; charset=utf-8
cache-control: no-cache
content-length: 14

23:46:46.099 [AsyncHttpClient-1-8] DEBUG org.asynchttpclient.netty.channel.ChannelManager - Adding key: http://localhost:58375 for channel [id: 0xebc6d903, L:/127.0.0.1:56950 - R:localhost/127.0.0.1:58375]
23:46:46.103 [Forwarding screenshot on session 3ad9071cd849908e3839a777fdf57126 to remote] DEBUG org.asynchttpclient.netty.request.NettyRequestSender - Using pooled Channel '[id: 0xebc6d903, L:/127.0.0.1:56950 - R:localhost/127.0.0.1:58375]' for 'GET' to 'http://localhost:58375/session/3ad9071cd849908e3839a777fdf57126/screenshot'
23:46:46.103 [Forwarding screenshot on session 3ad9071cd849908e3839a777fdf57126 to remote] DEBUG org.asynchttpclient.netty.request.NettyRequestSender - Using open Channel [id: 0xebc6d903, L:/127.0.0.1:56950 - R:localhost/127.0.0.1:58375] for GET '/session/3ad9071cd849908e3839a777fdf57126/screenshot'
23:46:46.177 [AsyncHttpClient-1-8] DEBUG org.asynchttpclient.netty.handler.HttpHandler - 

Request DefaultFullHttpRequest(decodeResult: success, version: HTTP/1.1, content: EmptyByteBufBE)
GET /session/3ad9071cd849908e3839a777fdf57126/screenshot HTTP/1.1
User-Agent: selenium/4.1.2 (java windows)
Cache-Control: no-cache
Content-Type: application/json; charset=utf-8
host: localhost:58375
accept: */*

Response DefaultHttpResponse(decodeResult: success, version: HTTP/1.1)
HTTP/1.1 200 OK
Content-Type: application/json; charset=utf-8
cache-control: no-cache
content-length: 17776

23:46:46.177 [AsyncHttpClient-1-8] DEBUG org.asynchttpclient.netty.channel.ChannelManager - Adding key: http://localhost:58375 for channel [id: 0xebc6d903, L:/127.0.0.1:56950 - R:localhost/127.0.0.1:58375]
23:46:46.178 [main] DEBUG net.serenitybdd.core.photography.Darkroom - Send negative for processing for target\site\serenity\6b73fbe605533cfa51ffb0c6965e1edb858b6f742712a6ec936cfdc5ab564cd8.png
23:46:46.179 [main] DEBUG net.thucydides.core.steps.StepInterceptor - STEP DONE: click2StarRating
  &amp#27;[32mAnd &amp#27;[0m&amp#27;[32mI click star icon for rating&amp#27;[0m                  &amp#27;[90m# starter.stepdefinitions.RatingSteps.clickStarIcon()&amp#27;[0m
23:46:46.179 [Darkroom Processing Line] DEBUG net.serenitybdd.core.photography.DarkroomProcessingLine - Processing screenshot image in /var/screenshots/screenshot-13112797493021025001
23:46:46.179 [Darkroom Processing Line] DEBUG net.serenitybdd.core.photography.DarkroomProcessingLine - Saving screenshot to target\site\serenity\6b73fbe605533cfa51ffb0c6965e1edb858b6f742712a6ec936cfdc5ab564cd8.png
23:46:46.188 [main] DEBUG net.thucydides.core.steps.StepInterceptor - STARTING STEP: RatingSteps.stillOnProductPage - stillOnProductPage
23:46:46.190 [Forwarding findElement on session 3ad9071cd849908e3839a777fdf57126 to remote] DEBUG org.asynchttpclient.netty.request.NettyRequestSender - Using pooled Channel '[id: 0xebc6d903, L:/127.0.0.1:56950 - R:localhost/127.0.0.1:58375]' for 'POST' to 'http://localhost:58375/session/3ad9071cd849908e3839a777fdf57126/element'
23:46:46.190 [Forwarding findElement on session 3ad9071cd849908e3839a777fdf57126 to remote] DEBUG org.asynchttpclient.netty.request.NettyRequestSender - Using open Channel [id: 0xebc6d903, L:/127.0.0.1:56950 - R:localhost/127.0.0.1:58375] for POST '/session/3ad9071cd849908e3839a777fdf57126/element'
23:46:46.256 [AsyncHttpClient-1-8] DEBUG org.asynchttpclient.netty.handler.HttpHandler - 

Request DefaultHttpRequest(decodeResult: success, version: HTTP/1.1)
POST /session/3ad9071cd849908e3839a777fdf57126/element HTTP/1.1
User-Agent: selenium/4.1.2 (java windows)
Content-Length: 113
Content-Type: application/json; charset=utf-8
host: localhost:58375
accept: */*

Response DefaultHttpResponse(decodeResult: success, version: HTTP/1.1)
HTTP/1.1 200 OK
Content-Type: application/json; charset=utf-8
cache-control: no-cache
content-length: 88

23:46:46.256 [AsyncHttpClient-1-8] DEBUG org.asynchttpclient.netty.channel.ChannelManager - Adding key: http://localhost:58375 for channel [id: 0xebc6d903, L:/127.0.0.1:56950 - R:localhost/127.0.0.1:58375]
23:46:46.261 [Forwarding isElementDisplayed on session 3ad9071cd849908e3839a777fdf57126 to remote] DEBUG org.asynchttpclient.netty.request.NettyRequestSender - Using pooled Channel '[id: 0xebc6d903, L:/127.0.0.1:56950 - R:localhost/127.0.0.1:58375]' for 'POST' to 'http://localhost:58375/session/3ad9071cd849908e3839a777fdf57126/execute/sync'
23:46:46.261 [Forwarding isElementDisplayed on session 3ad9071cd849908e3839a777fdf57126 to remote] DEBUG org.asynchttpclient.netty.request.NettyRequestSender - Using open Channel [id: 0xebc6d903, L:/127.0.0.1:56950 - R:localhost/127.0.0.1:58375] for POST '/session/3ad9071cd849908e3839a777fdf57126/execute/sync'
23:46:46.268 [AsyncHttpClient-1-1] DEBUG org.asynchttpclient.netty.channel.DefaultChannelPool - Entry count for : http://localhost:56951 : 1
23:46:46.269 [AsyncHttpClient-1-8] DEBUG org.asynchttpclient.netty.handler.HttpHandler - 

Request DefaultHttpRequest(decodeResult: success, version: HTTP/1.1)
POST /session/3ad9071cd849908e3839a777fdf57126/execute/sync HTTP/1.1
User-Agent: selenium/4.1.2 (java windows)
Content-Length: 48780
Content-Type: application/json; charset=utf-8
host: localhost:58375
accept: */*

Response DefaultHttpResponse(decodeResult: success, version: HTTP/1.1)
HTTP/1.1 200 OK
Content-Type: application/json; charset=utf-8
cache-control: no-cache
content-length: 14

23:46:46.269 [AsyncHttpClient-1-8] DEBUG org.asynchttpclient.netty.channel.ChannelManager - Adding key: http://localhost:58375 for channel [id: 0xebc6d903, L:/127.0.0.1:56950 - R:localhost/127.0.0.1:58375]
23:46:46.275 [Forwarding screenshot on session 3ad9071cd849908e3839a777fdf57126 to remote] DEBUG org.asynchttpclient.netty.request.NettyRequestSender - Using pooled Channel '[id: 0xebc6d903, L:/127.0.0.1:56950 - R:localhost/127.0.0.1:58375]' for 'GET' to 'http://localhost:58375/session/3ad9071cd849908e3839a777fdf57126/screenshot'
23:46:46.275 [Forwarding screenshot on session 3ad9071cd849908e3839a777fdf57126 to remote] DEBUG org.asynchttpclient.netty.request.NettyRequestSender - Using open Channel [id: 0xebc6d903, L:/127.0.0.1:56950 - R:localhost/127.0.0.1:58375] for GET '/session/3ad9071cd849908e3839a777fdf57126/screenshot'
23:46:46.347 [AsyncHttpClient-1-8] DEBUG org.asynchttpclient.netty.handler.HttpHandler - 

Request DefaultFullHttpRequest(decodeResult: success, version: HTTP/1.1, content: EmptyByteBufBE)
GET /session/3ad9071cd849908e3839a777fdf57126/screenshot HTTP/1.1
User-Agent: selenium/4.1.2 (java windows)
Cache-Control: no-cache
Content-Type: application/json; charset=utf-8
host: localhost:58375
accept: */*

Response DefaultHttpResponse(decodeResult: success, version: HTTP/1.1)
HTTP/1.1 200 OK
Content-Type: application/json; charset=utf-8
cache-control: no-cache
content-length: 36224

23:46:46.347 [AsyncHttpClient-1-8] DEBUG org.asynchttpclient.netty.channel.ChannelManager - Adding key: http://localhost:58375 for channel [id: 0xebc6d903, L:/127.0.0.1:56950 - R:localhost/127.0.0.1:58375]
23:46:46.349 [main] DEBUG net.serenitybdd.core.photography.Darkroom - Send negative for processing for target\site\serenity\909e0843dc5dd12e5727813916fa66169d3714df3a131b0d0d6fe6dd6b9c7ea1.png
23:46:46.349 [main] DEBUG net.thucydides.core.steps.StepInterceptor - STEP DONE: stillOnProductPage
  &amp#27;[32mThen &amp#27;[0m&amp#27;[32mI am still on Product Page&amp#27;[0m                   &amp#27;[90m# starter.stepdefinitions.RatingSteps.stillOnProductPage()&amp#27;[0m
23:46:46.350 [Darkroom Processing Line] DEBUG net.serenitybdd.core.photography.DarkroomProcessingLine - Processing screenshot image in /var/screenshots/screenshot-11937191502281061066
23:46:46.350 [Darkroom Processing Line] DEBUG net.serenitybdd.core.photography.DarkroomProcessingLine - Saving screenshot to target\site\serenity\909e0843dc5dd12e5727813916fa66169d3714df3a131b0d0d6fe6dd6b9c7ea1.png
23:46:46.353 [main] INFO  - 
  _____   ___   ___   _____     ___     _     ___   ___   ___   ___  
 |_   _| | __| / __| |_   _|   | _ \   /_\   / __| / __| | __| |   \ 
   | |   | _|  \__ \   | |     |  _/  / _ \  \__ \ \__ \ | _|  | |) |
   |_|   |___| |___/   |_|     |_|   /_/ \_\ |___/ |___/ |___| |___/ 

Logout an account
----------------------------------------------------------------------
23:46:46.354 [AsyncHttpClient-1-10] DEBUG org.asynchttpclient.netty.handler.WebSocketHandler - Channel Closed: [id: 0xec9639f2, L:/127.0.0.1:56958 ! R:localhost/127.0.0.1:56951] with attribute NettyResponseFuture{currentRetry=5,
	isDone=1,
	isCancelled=0,
	asyncHandler=org.asynchttpclient.ws.WebSocketUpgradeHandler@56728248,
	nettyRequest=org.asynchttpclient.netty.request.NettyRequest@137006e2,
	future=java.util.concurrent.CompletableFuture@1838ee9d[Completed normally],
	uri=ws://localhost:56951/devtools/browser/8f2e99a1-639f-45a2-b0be-2e13cdcbf07b,
	keepAlive=true,
	redirectCount=0,
	timeoutsHolder=null,
	inAuth=0,
	touch=1652546801387}
23:46:46.355 [AsyncHttpClient-1-10] DEBUG org.asynchttpclient.netty.channel.ChannelManager - Closing Channel [id: 0xec9639f2, L:/127.0.0.1:56958 ! R:localhost/127.0.0.1:56951] 
23:46:46.355 [Driver Command Executor] DEBUG org.asynchttpclient.netty.request.NettyRequestSender - Using pooled Channel '[id: 0xebc6d903, L:/127.0.0.1:56950 - R:localhost/127.0.0.1:58375]' for 'DELETE' to 'http://localhost:58375/session/3ad9071cd849908e3839a777fdf57126'
23:46:46.355 [Driver Command Executor] DEBUG org.asynchttpclient.netty.request.NettyRequestSender - Using open Channel [id: 0xebc6d903, L:/127.0.0.1:56950 - R:localhost/127.0.0.1:58375] for DELETE '/session/3ad9071cd849908e3839a777fdf57126'
23:46:46.400 [AsyncHttpClient-1-9] DEBUG org.asynchttpclient.netty.handler.HttpHandler - Unexpected I/O exception on channel [id: 0xce1c83a9, L:/127.0.0.1:56957 - R:localhost/127.0.0.1:56951]
java.io.IOException: An existing connection was forcibly closed by the remote host
	at java.base/sun.nio.ch.SocketDispatcher.read0(Native Method)
	at java.base/sun.nio.ch.SocketDispatcher.read(SocketDispatcher.java:43)
	at java.base/sun.nio.ch.IOUtil.readIntoNativeBuffer(IOUtil.java:276)
	at java.base/sun.nio.ch.IOUtil.read(IOUtil.java:233)
	at java.base/sun.nio.ch.IOUtil.read(IOUtil.java:223)
	at java.base/sun.nio.ch.SocketChannelImpl.read(SocketChannelImpl.java:358)
	at io.netty.buffer.PooledByteBuf.setBytes(PooledByteBuf.java:258)
	at io.netty.buffer.AbstractByteBuf.writeBytes(AbstractByteBuf.java:1132)
	at io.netty.channel.socket.nio.NioSocketChannel.doReadBytes(NioSocketChannel.java:350)
	at io.netty.channel.nio.AbstractNioByteChannel$NioByteUnsafe.read(AbstractNioByteChannel.java:151)
	at io.netty.channel.nio.NioEventLoop.processSelectedKey(NioEventLoop.java:722)
	at io.netty.channel.nio.NioEventLoop.processSelectedKeysOptimized(NioEventLoop.java:658)
	at io.netty.channel.nio.NioEventLoop.processSelectedKeys(NioEventLoop.java:584)
	at io.netty.channel.nio.NioEventLoop.run(NioEventLoop.java:496)
	at io.netty.util.concurrent.SingleThreadEventExecutor$4.run(SingleThreadEventExecutor.java:986)
	at io.netty.util.internal.ThreadExecutorMap$2.run(ThreadExecutorMap.java:74)
	at io.netty.util.concurrent.FastThreadLocalRunnable.run(FastThreadLocalRunnable.java:30)
	at java.base/java.lang.Thread.run(Thread.java:834)
23:46:46.400 [AsyncHttpClient-1-9] DEBUG org.asynchttpclient.netty.channel.ChannelManager - Closing Channel [id: 0xce1c83a9, L:/127.0.0.1:56957 - R:localhost/127.0.0.1:56951] 
23:46:46.400 [AsyncHttpClient-1-9] DEBUG org.asynchttpclient.netty.handler.HttpHandler - Channel Closed: [id: 0xce1c83a9, L:/127.0.0.1:56957 ! R:localhost/127.0.0.1:56951] with attribute DISCARD
23:46:46.415 [AsyncHttpClient-1-8] DEBUG org.asynchttpclient.netty.handler.HttpHandler - 

Request DefaultFullHttpRequest(decodeResult: success, version: HTTP/1.1, content: EmptyByteBufBE)
DELETE /session/3ad9071cd849908e3839a777fdf57126 HTTP/1.1
User-Agent: selenium/4.1.2 (java windows)
Content-Type: application/json; charset=utf-8
host: localhost:58375
accept: */*

Response DefaultHttpResponse(decodeResult: success, version: HTTP/1.1)
HTTP/1.1 200 OK
Content-Type: application/json; charset=utf-8
cache-control: no-cache
content-length: 14

23:46:46.415 [AsyncHttpClient-1-8] DEBUG org.asynchttpclient.netty.channel.ChannelManager - Adding key: http://localhost:58375 for channel [id: 0xebc6d903, L:/127.0.0.1:56950 - R:localhost/127.0.0.1:58375]
23:46:46.813 [AsyncHttpClient-1-8] DEBUG org.asynchttpclient.netty.handler.HttpHandler - Channel Closed: [id: 0xebc6d903, L:/127.0.0.1:56950 ! R:localhost/127.0.0.1:58375] with attribute DISCARD
]]></system-out>
    <system-err><![CDATA[Starting ChromeDriver 101.0.4951.41 (93c720db8323b3ec10d056025ab95c23a31997c9-refs/branch-heads/4951@{#904}) on port 58375
Only local connections are allowed.
Please see https://chromedriver.chromium.org/security-considerations for suggestions on keeping ChromeDriver safe.
ChromeDriver was started successfully.
May 14, 2022 11:46:41 PM org.openqa.selenium.remote.ProtocolHandshake createSession
INFO: Detected dialect: W3C
May 14, 2022 11:46:41 PM org.openqa.selenium.devtools.CdpVersionFinder findNearestMatch
WARNING: Unable to find an exact match for CDP version 101, so returning the closest version found: 97
May 14, 2022 11:46:41 PM org.openqa.selenium.devtools.CdpVersionFinder findNearestMatch
INFO: Found CDP implementation for version 101 of 97
]]></system-err>
  </testcase>
</testsuite>